<!DOCTYPE html PUBLIC "-//W3C//DTD XHTML 1.1//EN" "http://www.w3.org/TR/xhtml11/DTD/xhtml11.dtd">
<html xmlns="http://www.w3.org/1999/xhtml">
<head>
<meta http-equiv="content-type" content="text/html; charset=UTF-8"/>
<title>TestNG Report</title>
<style type="text/css">table {margin-bottom:10px;border-collapse:collapse;empty-cells:show}th,td {border:1px solid #009;padding:.25em .5em}th {vertical-align:bottom}td {vertical-align:top}table a {font-weight:bold}.stripe td {background-color: #E6EBF9}.num {text-align:right}.passedodd td {background-color: #3F3}.passedeven td {background-color: #0A0}.skippedodd td {background-color: #DDD}.skippedeven td {background-color: #CCC}.failedodd td,.attn {background-color: #F33}.failedeven td,.stripe .attn {background-color: #D00}.stacktrace {white-space:pre;font-family:monospace}.totop {font-size:85%;text-align:center;border-bottom:2px solid #000}.invisible {display:none}</style>
</head>
<body>
<table>
<tr><th>Test</th><th># Passed</th><th># Skipped</th><th># Failed</th><th>Time (ms)</th><th>Included Groups</th><th>Excluded Groups</th></tr>
<tr><th colspan="7">eBay API Automation Script </th></tr>
<tr><td><a href="#t0">Test Search</a></td><td class="num">2</td><td class="num">0</td><td class="num attn">1</td><td class="num">25,505</td><td></td><td></td></tr>
<tr class="stripe"><td><a href="#t1">Search Items</a></td><td class="num">2</td><td class="num">0</td><td class="num attn">1</td><td class="num">26,829</td><td></td><td></td></tr>
<tr><td><a href="#t2">Input home</a></td><td class="num">2</td><td class="num">0</td><td class="num attn">1</td><td class="num">46,372</td><td></td><td></td></tr>
<tr><th>Total</th><th class="num">6</th><th class="num">0</th><th class="num attn">3</th><th class="num">98,706</th><th colspan="2"></th></tr>
</table>
<table id='summary'><thead><tr><th>Class</th><th>Method</th><th>Start</th><th>Time (ms)</th></tr></thead><tbody><tr><th colspan="4">eBay API Automation Script </th></tr></tbody><tbody id="t0"><tr><th colspan="4">Test Search &#8212; failed</th></tr><tr class="failedeven"><td rowspan="1">Search.homePageTest</td><td><a href="#m0">searchItems</a></td><td rowspan="1">1605751551451</td><td rowspan="1">5441</td></tr><tr><th colspan="4">Test Search &#8212; passed</th></tr><tr class="passedeven"><td rowspan="2">Search.homePageTest</td><td><a href="#m1">getCategories</a></td><td rowspan="1">1605751546506</td><td rowspan="1">181</td></tr><tr class="passedeven"><td><a href="#m2">verifyEbay</a></td><td rowspan="1">1605751563360</td><td rowspan="1">118</td></tr></tbody>
<tbody id="t1"><tr><th colspan="4">Search Items &#8212; failed</th></tr><tr class="failedeven"><td rowspan="1">Search.homePageTest</td><td><a href="#m3">searchItems</a></td><td rowspan="1">1605751549337</td><td rowspan="1">8894</td></tr><tr><th colspan="4">Search Items &#8212; passed</th></tr><tr class="passedeven"><td rowspan="2">Search.homePageTest</td><td><a href="#m4">getCategories</a></td><td rowspan="1">1605751543781</td><td rowspan="1">152</td></tr><tr class="passedeven"><td><a href="#m5">verifyEbay</a></td><td rowspan="1">1605751564332</td><td rowspan="1">129</td></tr></tbody>
<tbody id="t2"><tr><th colspan="4">Input home &#8212; failed</th></tr><tr class="failedeven"><td rowspan="1">Search.homePageTest</td><td><a href="#m6">verifyEbay</a></td><td rowspan="1">1605751583177</td><td rowspan="1">144</td></tr><tr><th colspan="4">Input home &#8212; passed</th></tr><tr class="passedeven"><td rowspan="2">Search.homePageTest</td><td><a href="#m7">getCategories</a></td><td rowspan="1">1605751547949</td><td rowspan="1">409</td></tr><tr class="passedeven"><td><a href="#m8">searchItems</a></td><td rowspan="1">1605751556391</td><td rowspan="1">18953</td></tr></tbody>
</table>
<h2>Test Search</h2><h3 id="m0">Search.homePageTest#searchItems</h3><table class="result"><tr><th>Exception</th></tr><tr><td><div class="stacktrace">org.openqa.selenium.StaleElementReferenceException: stale element reference: element is not attached to the page document
  (Session info: MicrosoftEdge=86.0.622.69)
For documentation on this error, please visit: http://seleniumhq.org/exceptions/stale_element_reference.html
Build info: version: &apos;3.11.0&apos;, revision: &apos;e59cfb3&apos;, time: &apos;2018-03-11T20:26:55.152Z&apos;
System info: host: &apos;subhras-MBP.attlocal.net&apos;, ip: &apos;2600:1700:2f90:4980:0:0:0:21%en0&apos;, os.name: &apos;Mac OS X&apos;, os.arch: &apos;x86_64&apos;, os.version: &apos;11.0.1&apos;, java.version: &apos;15.0.1&apos;
Driver info: org.openqa.selenium.edge.EdgeDriver
Capabilities {acceptInsecureCerts: false, browserName: msedge, browserVersion: 86.0.622.69, javascriptEnabled: true, ms:edgeOptions: {debuggerAddress: localhost:60730}, msedge: {msedgedriverVersion: 86.0.622.69 (19046d7b09a04b..., userDataDir: /var/folders/r8/pjs64d4x1kz...}, networkConnectionEnabled: false, pageLoadStrategy: normal, platform: MAC, platformName: MAC, proxy: Proxy(), setWindowRect: true, strictFileInteractability: false, timeouts: {implicit: 0, pageLoad: 300000, script: 30000}, unhandledPromptBehavior: dismiss and notify, webauthn:virtualAuthenticators: true}
Session ID: bc68a325fb23d17709999663d88d7f0e
	at org.openqa.selenium.remote.http.W3CHttpResponseCodec.createException(W3CHttpResponseCodec.java:187)
	at org.openqa.selenium.remote.http.W3CHttpResponseCodec.decode(W3CHttpResponseCodec.java:122)
	at org.openqa.selenium.remote.http.W3CHttpResponseCodec.decode(W3CHttpResponseCodec.java:49)
	at org.openqa.selenium.remote.HttpCommandExecutor.execute(HttpCommandExecutor.java:158)
	at org.openqa.selenium.remote.service.DriverCommandExecutor.execute(DriverCommandExecutor.java:83)
	at org.openqa.selenium.remote.RemoteWebDriver.execute(RemoteWebDriver.java:545)
	at org.openqa.selenium.remote.RemoteWebElement.execute(RemoteWebElement.java:279)
	at org.openqa.selenium.remote.RemoteWebElement.clear(RemoteWebElement.java:118)
	at org.openqa.selenium.support.pagefactory.internal.LocatingElementHandler.invoke(LocatingElementHandler.java:51)
	at com.sun.proxy.$Proxy13.clear(Unknown Source)
	at Main.HomePage.clearInput(HomePage.java:47)
	at Main.HomePage.searchItemsAndSubmitButton(HomePage.java:64)
	at Search.homePageTest.searchItems(homePageTest.java:26)
	at java.base/java.util.concurrent.FutureTask.run(FutureTask.java:264)
	at java.base/java.util.concurrent.ThreadPoolExecutor.runWorker(ThreadPoolExecutor.java:1130)
	at java.base/java.util.concurrent.ThreadPoolExecutor$Worker.run(ThreadPoolExecutor.java:630)
	at java.base/java.lang.Thread.run(Thread.java:832)
... Removed 25 stack frames</div></td></tr></table><p class="totop"><a href="#summary">back to summary</a></p>
<h3 id="m1">Search.homePageTest#getCategories</h3><table class="result"><tr><th class="invisible"/></tr></table><p class="totop"><a href="#summary">back to summary</a></p>
<h3 id="m2">Search.homePageTest#verifyEbay</h3><table class="result"><tr><th class="invisible"/></tr></table><p class="totop"><a href="#summary">back to summary</a></p>
<h2>Search Items</h2><h3 id="m3">Search.homePageTest#searchItems</h3><table class="result"><tr><th>Exception</th></tr><tr><td><div class="stacktrace">org.openqa.selenium.StaleElementReferenceException: The element reference of &lt;input id=&quot;gh-ac&quot; class=&quot;gh-tb ui-autocomplete-input&quot; name=&quot;_nkw&quot; type=&quot;text&quot;&gt; is stale; either the element is no longer attached to the DOM, it is not in the current frame context, or the document has been refreshed
For documentation on this error, please visit: http://seleniumhq.org/exceptions/stale_element_reference.html
Build info: version: &apos;3.11.0&apos;, revision: &apos;e59cfb3&apos;, time: &apos;2018-03-11T20:26:55.152Z&apos;
System info: host: &apos;subhras-MBP.attlocal.net&apos;, ip: &apos;2600:1700:2f90:4980:0:0:0:21%en0&apos;, os.name: &apos;Mac OS X&apos;, os.arch: &apos;x86_64&apos;, os.version: &apos;11.0.1&apos;, java.version: &apos;15.0.1&apos;
Driver info: org.openqa.selenium.firefox.FirefoxDriver
Capabilities {acceptInsecureCerts: true, browserName: firefox, browserVersion: 83.0, capabilities: {desiredCapabilities: {acceptInsecureCerts: true, browserName: firefox}}, javascriptEnabled: true, moz:accessibilityChecks: false, moz:buildID: 20201112153044, moz:headless: false, moz:processID: 22939, moz:profile: /var/folders/r8/pjs64d4x1kz..., moz:shutdownTimeout: 60000, moz:useNonSpecCompliantPointerOrigin: false, moz:webdriverClick: true, pageLoadStrategy: normal, platform: MAC, platformName: MAC, platformVersion: 20.1.0, rotatable: false, setWindowRect: true, strictFileInteractability: false, timeouts: {implicit: 0, pageLoad: 300000, script: 30000}, unhandledPromptBehavior: dismiss and notify}
Session ID: 339cf5f0-68cf-b14b-82fb-be5cf97ec0bf
	at org.openqa.selenium.remote.http.W3CHttpResponseCodec.createException(W3CHttpResponseCodec.java:187)
	at org.openqa.selenium.remote.http.W3CHttpResponseCodec.decode(W3CHttpResponseCodec.java:122)
	at org.openqa.selenium.remote.http.W3CHttpResponseCodec.decode(W3CHttpResponseCodec.java:49)
	at org.openqa.selenium.remote.HttpCommandExecutor.execute(HttpCommandExecutor.java:158)
	at org.openqa.selenium.remote.service.DriverCommandExecutor.execute(DriverCommandExecutor.java:83)
	at org.openqa.selenium.remote.RemoteWebDriver.execute(RemoteWebDriver.java:545)
	at org.openqa.selenium.remote.RemoteWebElement.execute(RemoteWebElement.java:279)
	at org.openqa.selenium.remote.RemoteWebElement.sendKeys(RemoteWebElement.java:100)
	at org.openqa.selenium.support.pagefactory.internal.LocatingElementHandler.invoke(LocatingElementHandler.java:51)
	at com.sun.proxy.$Proxy13.sendKeys(Unknown Source)
	at Main.HomePage.serachFor(HomePage.java:33)
	at Main.HomePage.searchItemsAndSubmitButton(HomePage.java:62)
	at Search.homePageTest.searchItems(homePageTest.java:26)
	at java.base/java.util.concurrent.FutureTask.run(FutureTask.java:264)
	at java.base/java.util.concurrent.ThreadPoolExecutor.runWorker(ThreadPoolExecutor.java:1130)
	at java.base/java.util.concurrent.ThreadPoolExecutor$Worker.run(ThreadPoolExecutor.java:630)
	at java.base/java.lang.Thread.run(Thread.java:832)
... Removed 25 stack frames</div></td></tr></table><p class="totop"><a href="#summary">back to summary</a></p>
<h3 id="m4">Search.homePageTest#getCategories</h3><table class="result"><tr><th class="invisible"/></tr></table><p class="totop"><a href="#summary">back to summary</a></p>
<h3 id="m5">Search.homePageTest#verifyEbay</h3><table class="result"><tr><th class="invisible"/></tr></table><p class="totop"><a href="#summary">back to summary</a></p>
<h2>Input home</h2><h3 id="m6">Search.homePageTest#verifyEbay</h3><table class="result"><tr><th>Exception</th></tr><tr><td><div class="stacktrace">java.lang.AssertionError: expected [true] but found [false]
	at Search.homePageTest.verifyEbay(homePageTest.java:20)
	at java.base/java.util.concurrent.FutureTask.run(FutureTask.java:264)
	at java.base/java.util.concurrent.ThreadPoolExecutor.runWorker(ThreadPoolExecutor.java:1130)
	at java.base/java.util.concurrent.ThreadPoolExecutor$Worker.run(ThreadPoolExecutor.java:630)
	at java.base/java.lang.Thread.run(Thread.java:832)
... Removed 22 stack frames</div></td></tr></table><p class="totop"><a href="#summary">back to summary</a></p>
<h3 id="m7">Search.homePageTest#getCategories</h3><table class="result"><tr><th class="invisible"/></tr></table><p class="totop"><a href="#summary">back to summary</a></p>
<h3 id="m8">Search.homePageTest#searchItems</h3><table class="result"><tr><th class="invisible"/></tr></table><p class="totop"><a href="#summary">back to summary</a></p>
</body>
</html>
