<?xml version="1.0" encoding="UTF-8"?>
<testsuite xmlns:xsi="http://www.w3.org/2001/XMLSchema-instance" xsi:noNamespaceSchemaLocation="https://maven.apache.org/surefire/maven-surefire-plugin/xsd/surefire-test-report.xsd" name="TestSuite" time="232.736" tests="214" errors="0" skipped="200" failures="9">
  <properties>
    <property name="gopherProxySet" value="false"/>
    <property name="awt.toolkit" value="sun.lwawt.macosx.LWCToolkit"/>
    <property name="java.specification.version" value="10"/>
    <property name="file.encoding.pkg" value="sun.io"/>
    <property name="sun.cpu.isalist" value=""/>
    <property name="sun.jnu.encoding" value="UTF-8"/>
    <property name="java.class.path" value="/Users/subhra/Maven/Group1_Web_automation/Web-Automation-FrameWork/eBay/target/test-classes:/Users/subhra/Maven/Group1_Web_automation/Web-Automation-FrameWork/eBay/target/classes:/Users/subhra/Maven/Group1_Web_automation/Web-Automation-FrameWork/Generic/target/Generic-1.0-SNAPSHOT.jar:/Users/subhra/.m2/repository/org/testng/testng/6.14.3/testng-6.14.3.jar:/Users/subhra/.m2/repository/com/beust/jcommander/1.72/jcommander-1.72.jar:/Users/subhra/.m2/repository/org/apache-extras/beanshell/bsh/2.0b6/bsh-2.0b6.jar:/Users/subhra/.m2/repository/org/seleniumhq/selenium/selenium-java/3.11.0/selenium-java-3.11.0.jar:/Users/subhra/.m2/repository/org/seleniumhq/selenium/selenium-api/3.11.0/selenium-api-3.11.0.jar:/Users/subhra/.m2/repository/org/seleniumhq/selenium/selenium-chrome-driver/3.11.0/selenium-chrome-driver-3.11.0.jar:/Users/subhra/.m2/repository/org/seleniumhq/selenium/selenium-edge-driver/3.11.0/selenium-edge-driver-3.11.0.jar:/Users/subhra/.m2/repository/org/seleniumhq/selenium/selenium-firefox-driver/3.11.0/selenium-firefox-driver-3.11.0.jar:/Users/subhra/.m2/repository/org/seleniumhq/selenium/selenium-ie-driver/3.11.0/selenium-ie-driver-3.11.0.jar:/Users/subhra/.m2/repository/org/seleniumhq/selenium/selenium-opera-driver/3.11.0/selenium-opera-driver-3.11.0.jar:/Users/subhra/.m2/repository/org/seleniumhq/selenium/selenium-remote-driver/3.11.0/selenium-remote-driver-3.11.0.jar:/Users/subhra/.m2/repository/org/seleniumhq/selenium/selenium-safari-driver/3.11.0/selenium-safari-driver-3.11.0.jar:/Users/subhra/.m2/repository/org/seleniumhq/selenium/selenium-support/3.11.0/selenium-support-3.11.0.jar:/Users/subhra/.m2/repository/net/bytebuddy/byte-buddy/1.7.9/byte-buddy-1.7.9.jar:/Users/subhra/.m2/repository/org/apache/commons/commons-exec/1.3/commons-exec-1.3.jar:/Users/subhra/.m2/repository/commons-codec/commons-codec/1.10/commons-codec-1.10.jar:/Users/subhra/.m2/repository/commons-logging/commons-logging/1.2/commons-logging-1.2.jar:/Users/subhra/.m2/repository/com/google/code/gson/gson/2.8.2/gson-2.8.2.jar:/Users/subhra/.m2/repository/com/google/guava/guava/23.6-jre/guava-23.6-jre.jar:/Users/subhra/.m2/repository/com/google/code/findbugs/jsr305/1.3.9/jsr305-1.3.9.jar:/Users/subhra/.m2/repository/org/checkerframework/checker-compat-qual/2.0.0/checker-compat-qual-2.0.0.jar:/Users/subhra/.m2/repository/com/google/errorprone/error_prone_annotations/2.1.3/error_prone_annotations-2.1.3.jar:/Users/subhra/.m2/repository/com/google/j2objc/j2objc-annotations/1.1/j2objc-annotations-1.1.jar:/Users/subhra/.m2/repository/org/codehaus/mojo/animal-sniffer-annotations/1.14/animal-sniffer-annotations-1.14.jar:/Users/subhra/.m2/repository/org/apache/httpcomponents/httpclient/4.5.3/httpclient-4.5.3.jar:/Users/subhra/.m2/repository/org/apache/httpcomponents/httpcore/4.4.6/httpcore-4.4.6.jar:/Users/subhra/.m2/repository/com/squareup/okhttp3/okhttp/3.9.1/okhttp-3.9.1.jar:/Users/subhra/.m2/repository/com/squareup/okio/okio/1.13.0/okio-1.13.0.jar:/Users/subhra/.m2/repository/org/seleniumhq/selenium/selenium-server/3.11.0/selenium-server-3.11.0.jar:/Users/subhra/.m2/repository/org/apache/commons/commons-lang3/3.7/commons-lang3-3.7.jar:/Users/subhra/.m2/repository/org/apache/commons/commons-text/1.1/commons-text-1.1.jar:/Users/subhra/.m2/repository/commons-io/commons-io/2.6/commons-io-2.6.jar:/Users/subhra/.m2/repository/commons-net/commons-net/3.6/commons-net-3.6.jar:/Users/subhra/.m2/repository/org/w3c/css/sac/1.3/sac-1.3.jar:/Users/subhra/.m2/repository/net/sourceforge/cssparser/cssparser/0.9.24/cssparser-0.9.24.jar:/Users/subhra/.m2/repository/net/sourceforge/htmlunit/htmlunit/2.29/htmlunit-2.29.jar:/Users/subhra/.m2/repository/net/sourceforge/htmlunit/htmlunit-core-js/2.28/htmlunit-core-js-2.28.jar:/Users/subhra/.m2/repository/net/sourceforge/htmlunit/neko-htmlunit/2.28/neko-htmlunit-2.28.jar:/Users/subhra/.m2/repository/org/apache/httpcomponents/httpmime/4.5.3/httpmime-4.5.3.jar:/Users/subhra/.m2/repository/net/jcip/jcip-annotations/1.0/jcip-annotations-1.0.jar:/Users/subhra/.m2/repository/org/seleniumhq/selenium/jetty-repacked/9.4.7.v20171121/jetty-repacked-9.4.7.v20171121.jar:/Users/subhra/.m2/repository/org/eclipse/jetty/jetty-client/9.4.7.v20170914/jetty-client-9.4.7.v20170914.jar:/Users/subhra/.m2/repository/org/eclipse/jetty/jetty-http/9.4.8.v20171121/jetty-http-9.4.8.v20171121.jar:/Users/subhra/.m2/repository/org/eclipse/jetty/jetty-io/9.4.8.v20171121/jetty-io-9.4.8.v20171121.jar:/Users/subhra/.m2/repository/org/eclipse/jetty/jetty-util/9.4.8.v20171121/jetty-util-9.4.8.v20171121.jar:/Users/subhra/.m2/repository/org/eclipse/jetty/jetty-xml/9.4.7.v20170914/jetty-xml-9.4.7.v20170914.jar:/Users/subhra/.m2/repository/org/seleniumhq/selenium/htmlunit-driver/2.29.0/htmlunit-driver-2.29.0.jar:/Users/subhra/.m2/repository/javax/servlet/javax.servlet-api/3.1.0/javax.servlet-api-3.1.0.jar:/Users/subhra/.m2/repository/org/eclipse/jetty/websocket/websocket-api/9.4.7.v20170914/websocket-api-9.4.7.v20170914.jar:/Users/subhra/.m2/repository/org/eclipse/jetty/websocket/websocket-client/9.4.7.v20170914/websocket-client-9.4.7.v20170914.jar:/Users/subhra/.m2/repository/org/eclipse/jetty/websocket/websocket-common/9.4.7.v20170914/websocket-common-9.4.7.v20170914.jar:/Users/subhra/.m2/repository/xalan/serializer/2.7.2/serializer-2.7.2.jar:/Users/subhra/.m2/repository/xalan/xalan/2.7.2/xalan-2.7.2.jar:/Users/subhra/.m2/repository/xerces/xercesImpl/2.11.0/xercesImpl-2.11.0.jar:/Users/subhra/.m2/repository/xml-apis/xml-apis/1.4.01/xml-apis-1.4.01.jar:/Users/subhra/.m2/repository/org/yaml/snakeyaml/1.19/snakeyaml-1.19.jar:/Users/subhra/.m2/repository/org/apache/poi/poi/3.17/poi-3.17.jar:/Users/subhra/.m2/repository/org/apache/commons/commons-collections4/4.1/commons-collections4-4.1.jar:/Users/subhra/.m2/repository/com/google/api-client/google-api-client/1.22.0/google-api-client-1.22.0.jar:/Users/subhra/.m2/repository/com/google/oauth-client/google-oauth-client/1.22.0/google-oauth-client-1.22.0.jar:/Users/subhra/.m2/repository/com/google/http-client/google-http-client/1.22.0/google-http-client-1.22.0.jar:/Users/subhra/.m2/repository/com/google/http-client/google-http-client-jackson2/1.22.0/google-http-client-jackson2-1.22.0.jar:/Users/subhra/.m2/repository/com/fasterxml/jackson/core/jackson-core/2.1.3/jackson-core-2.1.3.jar:/Users/subhra/.m2/repository/com/google/guava/guava-jdk5/17.0/guava-jdk5-17.0.jar:/Users/subhra/.m2/repository/org/mongodb/mongo-java-driver/3.6.0-beta1/mongo-java-driver-3.6.0-beta1.jar:/Users/subhra/.m2/repository/mysql/mysql-connector-java/6.0.6/mysql-connector-java-6.0.6.jar:/Users/subhra/.m2/repository/com/aventstack/extentreports/3.0.7/extentreports-3.0.7.jar:/Users/subhra/.m2/repository/org/freemarker/freemarker/2.3.23/freemarker-2.3.23.jar:/Users/subhra/.m2/repository/org/mongodb/mongodb-driver/3.3.0/mongodb-driver-3.3.0.jar:/Users/subhra/.m2/repository/org/mongodb/bson/3.3.0/bson-3.3.0.jar:/Users/subhra/.m2/repository/org/mongodb/mongodb-driver-core/3.3.0/mongodb-driver-core-3.3.0.jar:/Users/subhra/.m2/repository/org/jsoup/jsoup/1.9.2/jsoup-1.9.2.jar:/Users/subhra/.m2/repository/com/relevantcodes/extentreports/2.41.1/extentreports-2.41.1.jar:/Users/subhra/.m2/repository/org/xerial/sqlite-jdbc/3.8.11.1/sqlite-jdbc-3.8.11.1.jar:/Users/subhra/.m2/repository/io/rest-assured/rest-assured/3.1.0/rest-assured-3.1.0.jar:/Users/subhra/.m2/repository/org/codehaus/groovy/groovy/2.4.12/groovy-2.4.12.jar:/Users/subhra/.m2/repository/org/codehaus/groovy/groovy-xml/2.4.12/groovy-xml-2.4.12.jar:/Users/subhra/.m2/repository/org/hamcrest/hamcrest-core/1.3/hamcrest-core-1.3.jar:/Users/subhra/.m2/repository/org/hamcrest/hamcrest-library/1.3/hamcrest-library-1.3.jar:/Users/subhra/.m2/repository/org/ccil/cowan/tagsoup/tagsoup/1.2.1/tagsoup-1.2.1.jar:/Users/subhra/.m2/repository/io/rest-assured/json-path/3.1.0/json-path-3.1.0.jar:/Users/subhra/.m2/repository/org/codehaus/groovy/groovy-json/2.4.12/groovy-json-2.4.12.jar:/Users/subhra/.m2/repository/io/rest-assured/rest-assured-common/3.1.0/rest-assured-common-3.1.0.jar:/Users/subhra/.m2/repository/io/rest-assured/xml-path/3.1.0/xml-path-3.1.0.jar:/Users/subhra/.m2/repository/javax/xml/bind/jaxb-api/2.2.12/jaxb-api-2.2.12.jar:/Users/subhra/.m2/repository/org/apache/maven/surefire/surefire-testng-utils/2.22.0/surefire-testng-utils-2.22.0.jar:/Users/subhra/.m2/repository/org/apache/maven/surefire/surefire-grouper/2.22.0/surefire-grouper-2.22.0.jar:"/>
    <property name="java.vm.vendor" value="&quot;Oracle Corporation&quot;"/>
    <property name="sun.arch.data.model" value="64"/>
    <property name="java.vendor.url" value="http://java.oracle.com/"/>
    <property name="user.timezone" value=""/>
    <property name="java.vm.specification.version" value="10"/>
    <property name="os.name" value="Mac OS X"/>
    <property name="sun.java.launcher" value="SUN_STANDARD"/>
    <property name="user.country" value="US"/>
    <property name="sun.boot.library.path" value="/Library/Java/JavaVirtualMachines/jdk-10.0.2.jdk/Contents/Home/lib"/>
    <property name="sun.java.command" value="/Users/subhra/Maven/Group1_Web_automation/Web-Automation-FrameWork/eBay/target/surefire/surefirebooter8680225286584355457.jar /Users/subhra/Maven/Group1_Web_automation/Web-Automation-FrameWork/eBay/target/surefire 2018-09-22T12-25-09_810-jvmRun1 surefire10849994798420686878tmp surefire_05195662264777779586tmp"/>
    <property name="http.nonProxyHosts" value="local|*.local|169.254/16|*.169.254/16"/>
    <property name="jdk.debug" value="release"/>
    <property name="surefire.test.class.path" value="/Users/subhra/Maven/Group1_Web_automation/Web-Automation-FrameWork/eBay/target/test-classes:/Users/subhra/Maven/Group1_Web_automation/Web-Automation-FrameWork/eBay/target/classes:/Users/subhra/Maven/Group1_Web_automation/Web-Automation-FrameWork/Generic/target/Generic-1.0-SNAPSHOT.jar:/Users/subhra/.m2/repository/org/testng/testng/6.14.3/testng-6.14.3.jar:/Users/subhra/.m2/repository/com/beust/jcommander/1.72/jcommander-1.72.jar:/Users/subhra/.m2/repository/org/apache-extras/beanshell/bsh/2.0b6/bsh-2.0b6.jar:/Users/subhra/.m2/repository/org/seleniumhq/selenium/selenium-java/3.11.0/selenium-java-3.11.0.jar:/Users/subhra/.m2/repository/org/seleniumhq/selenium/selenium-api/3.11.0/selenium-api-3.11.0.jar:/Users/subhra/.m2/repository/org/seleniumhq/selenium/selenium-chrome-driver/3.11.0/selenium-chrome-driver-3.11.0.jar:/Users/subhra/.m2/repository/org/seleniumhq/selenium/selenium-edge-driver/3.11.0/selenium-edge-driver-3.11.0.jar:/Users/subhra/.m2/repository/org/seleniumhq/selenium/selenium-firefox-driver/3.11.0/selenium-firefox-driver-3.11.0.jar:/Users/subhra/.m2/repository/org/seleniumhq/selenium/selenium-ie-driver/3.11.0/selenium-ie-driver-3.11.0.jar:/Users/subhra/.m2/repository/org/seleniumhq/selenium/selenium-opera-driver/3.11.0/selenium-opera-driver-3.11.0.jar:/Users/subhra/.m2/repository/org/seleniumhq/selenium/selenium-remote-driver/3.11.0/selenium-remote-driver-3.11.0.jar:/Users/subhra/.m2/repository/org/seleniumhq/selenium/selenium-safari-driver/3.11.0/selenium-safari-driver-3.11.0.jar:/Users/subhra/.m2/repository/org/seleniumhq/selenium/selenium-support/3.11.0/selenium-support-3.11.0.jar:/Users/subhra/.m2/repository/net/bytebuddy/byte-buddy/1.7.9/byte-buddy-1.7.9.jar:/Users/subhra/.m2/repository/org/apache/commons/commons-exec/1.3/commons-exec-1.3.jar:/Users/subhra/.m2/repository/commons-codec/commons-codec/1.10/commons-codec-1.10.jar:/Users/subhra/.m2/repository/commons-logging/commons-logging/1.2/commons-logging-1.2.jar:/Users/subhra/.m2/repository/com/google/code/gson/gson/2.8.2/gson-2.8.2.jar:/Users/subhra/.m2/repository/com/google/guava/guava/23.6-jre/guava-23.6-jre.jar:/Users/subhra/.m2/repository/com/google/code/findbugs/jsr305/1.3.9/jsr305-1.3.9.jar:/Users/subhra/.m2/repository/org/checkerframework/checker-compat-qual/2.0.0/checker-compat-qual-2.0.0.jar:/Users/subhra/.m2/repository/com/google/errorprone/error_prone_annotations/2.1.3/error_prone_annotations-2.1.3.jar:/Users/subhra/.m2/repository/com/google/j2objc/j2objc-annotations/1.1/j2objc-annotations-1.1.jar:/Users/subhra/.m2/repository/org/codehaus/mojo/animal-sniffer-annotations/1.14/animal-sniffer-annotations-1.14.jar:/Users/subhra/.m2/repository/org/apache/httpcomponents/httpclient/4.5.3/httpclient-4.5.3.jar:/Users/subhra/.m2/repository/org/apache/httpcomponents/httpcore/4.4.6/httpcore-4.4.6.jar:/Users/subhra/.m2/repository/com/squareup/okhttp3/okhttp/3.9.1/okhttp-3.9.1.jar:/Users/subhra/.m2/repository/com/squareup/okio/okio/1.13.0/okio-1.13.0.jar:/Users/subhra/.m2/repository/org/seleniumhq/selenium/selenium-server/3.11.0/selenium-server-3.11.0.jar:/Users/subhra/.m2/repository/org/apache/commons/commons-lang3/3.7/commons-lang3-3.7.jar:/Users/subhra/.m2/repository/org/apache/commons/commons-text/1.1/commons-text-1.1.jar:/Users/subhra/.m2/repository/commons-io/commons-io/2.6/commons-io-2.6.jar:/Users/subhra/.m2/repository/commons-net/commons-net/3.6/commons-net-3.6.jar:/Users/subhra/.m2/repository/org/w3c/css/sac/1.3/sac-1.3.jar:/Users/subhra/.m2/repository/net/sourceforge/cssparser/cssparser/0.9.24/cssparser-0.9.24.jar:/Users/subhra/.m2/repository/net/sourceforge/htmlunit/htmlunit/2.29/htmlunit-2.29.jar:/Users/subhra/.m2/repository/net/sourceforge/htmlunit/htmlunit-core-js/2.28/htmlunit-core-js-2.28.jar:/Users/subhra/.m2/repository/net/sourceforge/htmlunit/neko-htmlunit/2.28/neko-htmlunit-2.28.jar:/Users/subhra/.m2/repository/org/apache/httpcomponents/httpmime/4.5.3/httpmime-4.5.3.jar:/Users/subhra/.m2/repository/net/jcip/jcip-annotations/1.0/jcip-annotations-1.0.jar:/Users/subhra/.m2/repository/org/seleniumhq/selenium/jetty-repacked/9.4.7.v20171121/jetty-repacked-9.4.7.v20171121.jar:/Users/subhra/.m2/repository/org/eclipse/jetty/jetty-client/9.4.7.v20170914/jetty-client-9.4.7.v20170914.jar:/Users/subhra/.m2/repository/org/eclipse/jetty/jetty-http/9.4.8.v20171121/jetty-http-9.4.8.v20171121.jar:/Users/subhra/.m2/repository/org/eclipse/jetty/jetty-io/9.4.8.v20171121/jetty-io-9.4.8.v20171121.jar:/Users/subhra/.m2/repository/org/eclipse/jetty/jetty-util/9.4.8.v20171121/jetty-util-9.4.8.v20171121.jar:/Users/subhra/.m2/repository/org/eclipse/jetty/jetty-xml/9.4.7.v20170914/jetty-xml-9.4.7.v20170914.jar:/Users/subhra/.m2/repository/org/seleniumhq/selenium/htmlunit-driver/2.29.0/htmlunit-driver-2.29.0.jar:/Users/subhra/.m2/repository/javax/servlet/javax.servlet-api/3.1.0/javax.servlet-api-3.1.0.jar:/Users/subhra/.m2/repository/org/eclipse/jetty/websocket/websocket-api/9.4.7.v20170914/websocket-api-9.4.7.v20170914.jar:/Users/subhra/.m2/repository/org/eclipse/jetty/websocket/websocket-client/9.4.7.v20170914/websocket-client-9.4.7.v20170914.jar:/Users/subhra/.m2/repository/org/eclipse/jetty/websocket/websocket-common/9.4.7.v20170914/websocket-common-9.4.7.v20170914.jar:/Users/subhra/.m2/repository/xalan/serializer/2.7.2/serializer-2.7.2.jar:/Users/subhra/.m2/repository/xalan/xalan/2.7.2/xalan-2.7.2.jar:/Users/subhra/.m2/repository/xerces/xercesImpl/2.11.0/xercesImpl-2.11.0.jar:/Users/subhra/.m2/repository/xml-apis/xml-apis/1.4.01/xml-apis-1.4.01.jar:/Users/subhra/.m2/repository/org/yaml/snakeyaml/1.19/snakeyaml-1.19.jar:/Users/subhra/.m2/repository/org/apache/poi/poi/3.17/poi-3.17.jar:/Users/subhra/.m2/repository/org/apache/commons/commons-collections4/4.1/commons-collections4-4.1.jar:/Users/subhra/.m2/repository/com/google/api-client/google-api-client/1.22.0/google-api-client-1.22.0.jar:/Users/subhra/.m2/repository/com/google/oauth-client/google-oauth-client/1.22.0/google-oauth-client-1.22.0.jar:/Users/subhra/.m2/repository/com/google/http-client/google-http-client/1.22.0/google-http-client-1.22.0.jar:/Users/subhra/.m2/repository/com/google/http-client/google-http-client-jackson2/1.22.0/google-http-client-jackson2-1.22.0.jar:/Users/subhra/.m2/repository/com/fasterxml/jackson/core/jackson-core/2.1.3/jackson-core-2.1.3.jar:/Users/subhra/.m2/repository/com/google/guava/guava-jdk5/17.0/guava-jdk5-17.0.jar:/Users/subhra/.m2/repository/org/mongodb/mongo-java-driver/3.6.0-beta1/mongo-java-driver-3.6.0-beta1.jar:/Users/subhra/.m2/repository/mysql/mysql-connector-java/6.0.6/mysql-connector-java-6.0.6.jar:/Users/subhra/.m2/repository/com/aventstack/extentreports/3.0.7/extentreports-3.0.7.jar:/Users/subhra/.m2/repository/org/freemarker/freemarker/2.3.23/freemarker-2.3.23.jar:/Users/subhra/.m2/repository/org/mongodb/mongodb-driver/3.3.0/mongodb-driver-3.3.0.jar:/Users/subhra/.m2/repository/org/mongodb/bson/3.3.0/bson-3.3.0.jar:/Users/subhra/.m2/repository/org/mongodb/mongodb-driver-core/3.3.0/mongodb-driver-core-3.3.0.jar:/Users/subhra/.m2/repository/org/jsoup/jsoup/1.9.2/jsoup-1.9.2.jar:/Users/subhra/.m2/repository/com/relevantcodes/extentreports/2.41.1/extentreports-2.41.1.jar:/Users/subhra/.m2/repository/org/xerial/sqlite-jdbc/3.8.11.1/sqlite-jdbc-3.8.11.1.jar:/Users/subhra/.m2/repository/io/rest-assured/rest-assured/3.1.0/rest-assured-3.1.0.jar:/Users/subhra/.m2/repository/org/codehaus/groovy/groovy/2.4.12/groovy-2.4.12.jar:/Users/subhra/.m2/repository/org/codehaus/groovy/groovy-xml/2.4.12/groovy-xml-2.4.12.jar:/Users/subhra/.m2/repository/org/hamcrest/hamcrest-core/1.3/hamcrest-core-1.3.jar:/Users/subhra/.m2/repository/org/hamcrest/hamcrest-library/1.3/hamcrest-library-1.3.jar:/Users/subhra/.m2/repository/org/ccil/cowan/tagsoup/tagsoup/1.2.1/tagsoup-1.2.1.jar:/Users/subhra/.m2/repository/io/rest-assured/json-path/3.1.0/json-path-3.1.0.jar:/Users/subhra/.m2/repository/org/codehaus/groovy/groovy-json/2.4.12/groovy-json-2.4.12.jar:/Users/subhra/.m2/repository/io/rest-assured/rest-assured-common/3.1.0/rest-assured-common-3.1.0.jar:/Users/subhra/.m2/repository/io/rest-assured/xml-path/3.1.0/xml-path-3.1.0.jar:/Users/subhra/.m2/repository/javax/xml/bind/jaxb-api/2.2.12/jaxb-api-2.2.12.jar:/Users/subhra/.m2/repository/org/apache/maven/surefire/surefire-testng-utils/2.22.0/surefire-testng-utils-2.22.0.jar:/Users/subhra/.m2/repository/org/apache/maven/surefire/surefire-grouper/2.22.0/surefire-grouper-2.22.0.jar:"/>
    <property name="sun.cpu.endian" value="little"/>
    <property name="user.home" value="/Users/subhra"/>
    <property name="user.language" value="en"/>
    <property name="java.specification.vendor" value="Oracle Corporation"/>
    <property name="java.version.date" value="2018-07-17"/>
    <property name="java.home" value="/Library/Java/JavaVirtualMachines/jdk-10.0.2.jdk/Contents/Home"/>
    <property name="file.separator" value="/"/>
    <property name="basedir" value="/Users/subhra/Maven/Group1_Web_automation/Web-Automation-FrameWork/eBay"/>
    <property name="java.vm.compressedOopsMode" value="Zero based"/>
    <property name="line.separator" value="&#10;"/>
    <property name="java.specification.name" value="Java Platform API Specification"/>
    <property name="java.vm.specification.vendor" value="Oracle Corporation"/>
    <property name="java.awt.graphicsenv" value="sun.awt.CGraphicsEnvironment"/>
    <property name="surefire.real.class.path" value="/Users/subhra/Maven/Group1_Web_automation/Web-Automation-FrameWork/eBay/target/surefire/surefirebooter8680225286584355457.jar"/>
    <property name="sun.management.compiler" value="HotSpot 64-Bit Tiered Compilers"/>
    <property name="ftp.nonProxyHosts" value="local|*.local|169.254/16|*.169.254/16"/>
    <property name="java.runtime.version" value="10.0.2+13"/>
    <property name="user.name" value="subhra"/>
    <property name="path.separator" value=":"/>
    <property name="os.version" value="10.13.6"/>
    <property name="java.runtime.name" value="Java(TM) SE Runtime Environment"/>
    <property name="file.encoding" value="UTF-8"/>
    <property name="java.vm.name" value="Java HotSpot(TM) 64-Bit Server VM"/>
    <property name="java.vendor.version" value="18.3"/>
    <property name="localRepository" value="/Users/subhra/.m2/repository"/>
    <property name="java.vendor.url.bug" value="http://bugreport.java.com/bugreport/"/>
    <property name="java.io.tmpdir" value="/var/folders/91/gdjc9gcx4v97_3rwg3wgwhb80000gn/T/"/>
    <property name="java.version" value="10.0.2"/>
    <property name="user.dir" value="/Users/subhra/Maven/Group1_Web_automation/Web-Automation-FrameWork/eBay"/>
    <property name="os.arch" value="x86_64"/>
    <property name="java.vm.specification.name" value="Java Virtual Machine Specification"/>
    <property name="java.awt.printerjob" value="sun.lwawt.macosx.CPrinterJob"/>
    <property name="sun.os.patch.level" value="unknown"/>
    <property name="java.library.path" value="/Users/subhra/Library/Java/Extensions:/Library/Java/Extensions:/Network/Library/Java/Extensions:/System/Library/Java/Extensions:/usr/lib/java:."/>
    <property name="java.vendor" value="Oracle Corporation"/>
    <property name="java.vm.info" value="mixed mode"/>
    <property name="java.vm.version" value="10.0.2+13"/>
    <property name="sun.io.unicode.encoding" value="UnicodeBig"/>
    <property name="java.class.version" value="54.0"/>
    <property name="socksNonProxyHosts" value="local|*.local|169.254/16|*.169.254/16"/>
  </properties>
  <testcase name="fashion" classname="Search.DailyDealsTest" time="21.242"/>
  <testcase name="cleanUp" classname="Search.DailyDealsTest" time="22.662">
    <failure message="Session ID is null. Using WebDriver after calling quit()?&#10;Build info: version: &apos;3.11.0&apos;, revision: &apos;e59cfb3&apos;, time: &apos;2018-03-11T20:26:55.152Z&apos;&#10;System info: host: &apos;Subhras-MacBook-Pro.local&apos;, ip: &apos;10.11.11.90&apos;, os.name: &apos;Mac OS X&apos;, os.arch: &apos;x86_64&apos;, os.version: &apos;10.13.6&apos;, java.version: &apos;10.0.2&apos;&#10;Driver info: driver.version: RemoteWebDriver" type="org.openqa.selenium.NoSuchSessionException">org.openqa.selenium.NoSuchSessionException: 
Session ID is null. Using WebDriver after calling quit()?
Build info: version: '3.11.0', revision: 'e59cfb3', time: '2018-03-11T20:26:55.152Z'
System info: host: 'Subhras-MacBook-Pro.local', ip: '10.11.11.90', os.name: 'Mac OS X', os.arch: 'x86_64', os.version: '10.13.6', java.version: '10.0.2'
Driver info: driver.version: RemoteWebDriver
</failure>
  </testcase>
  <testcase name="cleanUp" classname="Search.DailyDealsTest" time="0">
    <skipped/>
  </testcase>
  <testcase name="cleanUp" classname="Search.DailyDealsTest" time="0">
    <skipped/>
  </testcase>
  <testcase name="cleanUp" classname="Search.DailyDealsTest" time="0">
    <skipped/>
  </testcase>
  <testcase name="cleanUp" classname="Search.DailyDealsTest" time="0">
    <skipped/>
  </testcase>
  <testcase name="setUp" classname="Search.DailyDealsTest" time="0">
    <skipped/>
  </testcase>
  <testcase name="setUp" classname="Search.DailyDealsTest" time="0">
    <skipped/>
  </testcase>
  <testcase name="setUp" classname="Search.DailyDealsTest" time="0">
    <skipped/>
  </testcase>
  <testcase name="setUp" classname="Search.DailyDealsTest" time="0">
    <skipped/>
  </testcase>
  <testcase name="startExtent" classname="Search.DailyDealsTest" time="0">
    <skipped/>
  </testcase>
  <testcase name="startExtent" classname="Search.DailyDealsTest" time="0">
    <skipped/>
  </testcase>
  <testcase name="startExtent" classname="Search.DailyDealsTest" time="0">
    <skipped/>
  </testcase>
  <testcase name="startExtent" classname="Search.DailyDealsTest" time="0">
    <skipped/>
  </testcase>
  <testcase name="features" classname="Search.DailyDealsTest" time="0">
    <skipped message="Session ID is null. Using WebDriver after calling quit()?&#10;Build info: version: &apos;3.11.0&apos;, revision: &apos;e59cfb3&apos;, time: &apos;2018-03-11T20:26:55.152Z&apos;&#10;System info: host: &apos;Subhras-MacBook-Pro.local&apos;, ip: &apos;10.11.11.90&apos;, os.name: &apos;Mac OS X&apos;, os.arch: &apos;x86_64&apos;, os.version: &apos;10.13.6&apos;, java.version: &apos;10.0.2&apos;&#10;Driver info: driver.version: RemoteWebDriver"/>
  </testcase>
  <testcase name="afterEachTestMethod" classname="Search.DailyDealsTest" time="0">
    <skipped/>
  </testcase>
  <testcase name="afterEachTestMethod" classname="Search.DailyDealsTest" time="0">
    <skipped/>
  </testcase>
  <testcase name="afterEachTestMethod" classname="Search.DailyDealsTest" time="0">
    <skipped/>
  </testcase>
  <testcase name="afterEachTestMethod" classname="Search.DailyDealsTest" time="0">
    <skipped/>
  </testcase>
  <testcase name="homeAndGarden" classname="Search.DailyDealsTest" time="0">
    <skipped message="Session ID is null. Using WebDriver after calling quit()?&#10;Build info: version: &apos;3.11.0&apos;, revision: &apos;e59cfb3&apos;, time: &apos;2018-03-11T20:26:55.152Z&apos;&#10;System info: host: &apos;Subhras-MacBook-Pro.local&apos;, ip: &apos;10.11.11.90&apos;, os.name: &apos;Mac OS X&apos;, os.arch: &apos;x86_64&apos;, os.version: &apos;10.13.6&apos;, java.version: &apos;10.0.2&apos;&#10;Driver info: driver.version: RemoteWebDriver"/>
  </testcase>
  <testcase name="sportingGoods" classname="Search.DailyDealsTest" time="0">
    <skipped message="Session ID is null. Using WebDriver after calling quit()?&#10;Build info: version: &apos;3.11.0&apos;, revision: &apos;e59cfb3&apos;, time: &apos;2018-03-11T20:26:55.152Z&apos;&#10;System info: host: &apos;Subhras-MacBook-Pro.local&apos;, ip: &apos;10.11.11.90&apos;, os.name: &apos;Mac OS X&apos;, os.arch: &apos;x86_64&apos;, os.version: &apos;10.13.6&apos;, java.version: &apos;10.0.2&apos;&#10;Driver info: driver.version: RemoteWebDriver"/>
  </testcase>
  <testcase name="tech" classname="Search.DailyDealsTest" time="0">
    <skipped message="Session ID is null. Using WebDriver after calling quit()?&#10;Build info: version: &apos;3.11.0&apos;, revision: &apos;e59cfb3&apos;, time: &apos;2018-03-11T20:26:55.152Z&apos;&#10;System info: host: &apos;Subhras-MacBook-Pro.local&apos;, ip: &apos;10.11.11.90&apos;, os.name: &apos;Mac OS X&apos;, os.arch: &apos;x86_64&apos;, os.version: &apos;10.13.6&apos;, java.version: &apos;10.0.2&apos;&#10;Driver info: driver.version: RemoteWebDriver"/>
  </testcase>
  <testcase name="DigitalGiftsCoupons" classname="Search.GiftCardsTest" time="15.313">
    <failure message="no such element: Unable to locate element: {&quot;method&quot;:&quot;css selector&quot;,&quot;selector&quot;:&quot;#w7-w0 &gt; div:nth-child(2) &gt; div:nth-child(1) &gt; div &gt; h2&quot;}&#10;  (Session info: chrome=69.0.3497.100)&#10;  (Driver info: chromedriver=2.42.591059 (a3d9684d10d61aa0c45f6723b327283be1ebaad8),platform=Mac OS X 10.13.6 x86_64) (WARNING: The server did not provide any stacktrace information)&#10;Command duration or timeout: 0 milliseconds&#10;For documentation on this error, please visit: http://seleniumhq.org/exceptions/no_such_element.html&#10;Build info: version: &apos;3.11.0&apos;, revision: &apos;e59cfb3&apos;, time: &apos;2018-03-11T20:26:55.152Z&apos;&#10;System info: host: &apos;Subhras-MacBook-Pro.local&apos;, ip: &apos;10.11.11.90&apos;, os.name: &apos;Mac OS X&apos;, os.arch: &apos;x86_64&apos;, os.version: &apos;10.13.6&apos;, java.version: &apos;10.0.2&apos;&#10;Driver info: org.openqa.selenium.chrome.ChromeDriver&#10;Capabilities {acceptInsecureCerts: false, acceptSslCerts: false, applicationCacheEnabled: false, browserConnectionEnabled: false, browserName: chrome, chrome: {chromedriverVersion: 2.42.591059 (a3d9684d10d61a..., userDataDir: /var/folders/91/gdjc9gcx4v9...}, cssSelectorsEnabled: true, databaseEnabled: false, goog:chromeOptions: {debuggerAddress: localhost:58744}, handlesAlerts: true, hasTouchScreen: false, javascriptEnabled: true, locationContextEnabled: true, mobileEmulationEnabled: false, nativeEvents: true, networkConnectionEnabled: false, pageLoadStrategy: normal, platform: MAC, platformName: MAC, rotatable: false, setWindowRect: true, takesHeapSnapshot: true, takesScreenshot: true, unexpectedAlertBehaviour: , unhandledPromptBehavior: , version: 69.0.3497.100, webStorageEnabled: true}&#10;Session ID: bc42003f7328b6b64e54e9f13aede20d&#10;*** Element info: {Using=css selector, value=#w7-w0 &gt; div:nth-child(2) &gt; div:nth-child(1) &gt; div &gt; h2}" type="org.openqa.selenium.NoSuchElementException">org.openqa.selenium.NoSuchElementException: 
no such element: Unable to locate element: {"method":"css selector","selector":"#w7-w0 > div:nth-child(2) > div:nth-child(1) > div > h2"}
  (Session info: chrome=69.0.3497.100)
  (Driver info: chromedriver=2.42.591059 (a3d9684d10d61aa0c45f6723b327283be1ebaad8),platform=Mac OS X 10.13.6 x86_64) (WARNING: The server did not provide any stacktrace information)
Command duration or timeout: 0 milliseconds
For documentation on this error, please visit: http://seleniumhq.org/exceptions/no_such_element.html
Build info: version: '3.11.0', revision: 'e59cfb3', time: '2018-03-11T20:26:55.152Z'
System info: host: 'Subhras-MacBook-Pro.local', ip: '10.11.11.90', os.name: 'Mac OS X', os.arch: 'x86_64', os.version: '10.13.6', java.version: '10.0.2'
Driver info: org.openqa.selenium.chrome.ChromeDriver
Capabilities {acceptInsecureCerts: false, acceptSslCerts: false, applicationCacheEnabled: false, browserConnectionEnabled: false, browserName: chrome, chrome: {chromedriverVersion: 2.42.591059 (a3d9684d10d61a..., userDataDir: /var/folders/91/gdjc9gcx4v9...}, cssSelectorsEnabled: true, databaseEnabled: false, goog:chromeOptions: {debuggerAddress: localhost:58744}, handlesAlerts: true, hasTouchScreen: false, javascriptEnabled: true, locationContextEnabled: true, mobileEmulationEnabled: false, nativeEvents: true, networkConnectionEnabled: false, pageLoadStrategy: normal, platform: MAC, platformName: MAC, rotatable: false, setWindowRect: true, takesHeapSnapshot: true, takesScreenshot: true, unexpectedAlertBehaviour: , unhandledPromptBehavior: , version: 69.0.3497.100, webStorageEnabled: true}
Session ID: bc42003f7328b6b64e54e9f13aede20d
*** Element info: {Using=css selector, value=#w7-w0 > div:nth-child(2) > div:nth-child(1) > div > h2}
	at Search.GiftCardsTest.DigitalGiftsCoupons(GiftCardsTest.java:20)
</failure>
    <system-err><![CDATA[Starting ChromeDriver 2.42.591059 (a3d9684d10d61aa0c45f6723b327283be1ebaad8) on port 5511
Only local connections are allowed.
Sep 22, 2018 12:25:54 PM org.openqa.selenium.remote.ProtocolHandshake createSession
INFO: Detected dialect: OSS
]]></system-err>
  </testcase>
  <testcase name="cleanUp" classname="Search.GiftCardsTest" time="17.389">
    <failure message="Session ID is null. Using WebDriver after calling quit()?&#10;Build info: version: &apos;3.11.0&apos;, revision: &apos;e59cfb3&apos;, time: &apos;2018-03-11T20:26:55.152Z&apos;&#10;System info: host: &apos;Subhras-MacBook-Pro.local&apos;, ip: &apos;10.11.11.90&apos;, os.name: &apos;Mac OS X&apos;, os.arch: &apos;x86_64&apos;, os.version: &apos;10.13.6&apos;, java.version: &apos;10.0.2&apos;&#10;Driver info: driver.version: RemoteWebDriver" type="org.openqa.selenium.NoSuchSessionException">org.openqa.selenium.NoSuchSessionException: 
Session ID is null. Using WebDriver after calling quit()?
Build info: version: '3.11.0', revision: 'e59cfb3', time: '2018-03-11T20:26:55.152Z'
System info: host: 'Subhras-MacBook-Pro.local', ip: '10.11.11.90', os.name: 'Mac OS X', os.arch: 'x86_64', os.version: '10.13.6', java.version: '10.0.2'
Driver info: driver.version: RemoteWebDriver
</failure>
    <system-out><![CDATA[Screenshot captured
]]></system-out>
  </testcase>
  <testcase name="cleanUp" classname="Search.GiftCardsTest" time="0">
    <skipped/>
  </testcase>
  <testcase name="cleanUp" classname="Search.GiftCardsTest" time="0">
    <skipped/>
  </testcase>
  <testcase name="cleanUp" classname="Search.GiftCardsTest" time="0">
    <skipped/>
  </testcase>
  <testcase name="cleanUp" classname="Search.GiftCardsTest" time="0">
    <skipped/>
  </testcase>
  <testcase name="setUp" classname="Search.GiftCardsTest" time="0">
    <skipped/>
  </testcase>
  <testcase name="setUp" classname="Search.GiftCardsTest" time="0">
    <skipped/>
  </testcase>
  <testcase name="setUp" classname="Search.GiftCardsTest" time="0">
    <skipped/>
  </testcase>
  <testcase name="setUp" classname="Search.GiftCardsTest" time="0">
    <skipped/>
  </testcase>
  <testcase name="startExtent" classname="Search.GiftCardsTest" time="0">
    <skipped/>
  </testcase>
  <testcase name="startExtent" classname="Search.GiftCardsTest" time="0">
    <skipped/>
  </testcase>
  <testcase name="startExtent" classname="Search.GiftCardsTest" time="0">
    <skipped/>
  </testcase>
  <testcase name="startExtent" classname="Search.GiftCardsTest" time="0">
    <skipped/>
  </testcase>
  <testcase name="GiftCards" classname="Search.GiftCardsTest" time="0">
    <skipped message="Session ID is null. Using WebDriver after calling quit()?&#10;Build info: version: &apos;3.11.0&apos;, revision: &apos;e59cfb3&apos;, time: &apos;2018-03-11T20:26:55.152Z&apos;&#10;System info: host: &apos;Subhras-MacBook-Pro.local&apos;, ip: &apos;10.11.11.90&apos;, os.name: &apos;Mac OS X&apos;, os.arch: &apos;x86_64&apos;, os.version: &apos;10.13.6&apos;, java.version: &apos;10.0.2&apos;&#10;Driver info: driver.version: RemoteWebDriver"/>
  </testcase>
  <testcase name="afterEachTestMethod" classname="Search.GiftCardsTest" time="0">
    <skipped/>
  </testcase>
  <testcase name="afterEachTestMethod" classname="Search.GiftCardsTest" time="0">
    <skipped/>
  </testcase>
  <testcase name="afterEachTestMethod" classname="Search.GiftCardsTest" time="0">
    <skipped/>
  </testcase>
  <testcase name="afterEachTestMethod" classname="Search.GiftCardsTest" time="0">
    <skipped/>
  </testcase>
  <testcase name="GiftCertificates" classname="Search.GiftCardsTest" time="0">
    <skipped message="Session ID is null. Using WebDriver after calling quit()?&#10;Build info: version: &apos;3.11.0&apos;, revision: &apos;e59cfb3&apos;, time: &apos;2018-03-11T20:26:55.152Z&apos;&#10;System info: host: &apos;Subhras-MacBook-Pro.local&apos;, ip: &apos;10.11.11.90&apos;, os.name: &apos;Mac OS X&apos;, os.arch: &apos;x86_64&apos;, os.version: &apos;10.13.6&apos;, java.version: &apos;10.0.2&apos;&#10;Driver info: driver.version: RemoteWebDriver"/>
  </testcase>
  <testcase name="coupons" classname="Search.GiftCardsTest" time="0">
    <skipped message="Session ID is null. Using WebDriver after calling quit()?&#10;Build info: version: &apos;3.11.0&apos;, revision: &apos;e59cfb3&apos;, time: &apos;2018-03-11T20:26:55.152Z&apos;&#10;System info: host: &apos;Subhras-MacBook-Pro.local&apos;, ip: &apos;10.11.11.90&apos;, os.name: &apos;Mac OS X&apos;, os.arch: &apos;x86_64&apos;, os.version: &apos;10.13.6&apos;, java.version: &apos;10.0.2&apos;&#10;Driver info: driver.version: RemoteWebDriver"/>
  </testcase>
  <testcase name="eBayGiftCards" classname="Search.GiftCardsTest" time="0">
    <skipped message="Session ID is null. Using WebDriver after calling quit()?&#10;Build info: version: &apos;3.11.0&apos;, revision: &apos;e59cfb3&apos;, time: &apos;2018-03-11T20:26:55.152Z&apos;&#10;System info: host: &apos;Subhras-MacBook-Pro.local&apos;, ip: &apos;10.11.11.90&apos;, os.name: &apos;Mac OS X&apos;, os.arch: &apos;x86_64&apos;, os.version: &apos;10.13.6&apos;, java.version: &apos;10.0.2&apos;&#10;Driver info: driver.version: RemoteWebDriver"/>
  </testcase>
  <testcase name="Account" classname="Search.HelpAndContactTest" time="25.104">
    <failure message="timeout&#10;  (Session info: chrome=69.0.3497.100)&#10;  (Driver info: chromedriver=2.42.591059 (a3d9684d10d61aa0c45f6723b327283be1ebaad8),platform=Mac OS X 10.13.6 x86_64) (WARNING: The server did not provide any stacktrace information)&#10;Command duration or timeout: 0 milliseconds&#10;Build info: version: &apos;3.11.0&apos;, revision: &apos;e59cfb3&apos;, time: &apos;2018-03-11T20:26:55.152Z&apos;&#10;System info: host: &apos;Subhras-MacBook-Pro.local&apos;, ip: &apos;10.11.11.90&apos;, os.name: &apos;Mac OS X&apos;, os.arch: &apos;x86_64&apos;, os.version: &apos;10.13.6&apos;, java.version: &apos;10.0.2&apos;&#10;Driver info: org.openqa.selenium.chrome.ChromeDriver&#10;Capabilities {acceptInsecureCerts: false, acceptSslCerts: false, applicationCacheEnabled: false, browserConnectionEnabled: false, browserName: chrome, chrome: {chromedriverVersion: 2.42.591059 (a3d9684d10d61a..., userDataDir: /var/folders/91/gdjc9gcx4v9...}, cssSelectorsEnabled: true, databaseEnabled: false, goog:chromeOptions: {debuggerAddress: localhost:58812}, handlesAlerts: true, hasTouchScreen: false, javascriptEnabled: true, locationContextEnabled: true, mobileEmulationEnabled: false, nativeEvents: true, networkConnectionEnabled: false, pageLoadStrategy: normal, platform: MAC, platformName: MAC, rotatable: false, setWindowRect: true, takesHeapSnapshot: true, takesScreenshot: true, unexpectedAlertBehaviour: , unhandledPromptBehavior: , version: 69.0.3497.100, webStorageEnabled: true}&#10;Session ID: 6e61c8e14162804ead345309d7201fa7&#10;*** Element info: {Using=css selector, value=#gh-p-3 &gt; a}" type="org.openqa.selenium.TimeoutException">org.openqa.selenium.TimeoutException: 
timeout
  (Session info: chrome=69.0.3497.100)
  (Driver info: chromedriver=2.42.591059 (a3d9684d10d61aa0c45f6723b327283be1ebaad8),platform=Mac OS X 10.13.6 x86_64) (WARNING: The server did not provide any stacktrace information)
Command duration or timeout: 0 milliseconds
Build info: version: '3.11.0', revision: 'e59cfb3', time: '2018-03-11T20:26:55.152Z'
System info: host: 'Subhras-MacBook-Pro.local', ip: '10.11.11.90', os.name: 'Mac OS X', os.arch: 'x86_64', os.version: '10.13.6', java.version: '10.0.2'
Driver info: org.openqa.selenium.chrome.ChromeDriver
Capabilities {acceptInsecureCerts: false, acceptSslCerts: false, applicationCacheEnabled: false, browserConnectionEnabled: false, browserName: chrome, chrome: {chromedriverVersion: 2.42.591059 (a3d9684d10d61a..., userDataDir: /var/folders/91/gdjc9gcx4v9...}, cssSelectorsEnabled: true, databaseEnabled: false, goog:chromeOptions: {debuggerAddress: localhost:58812}, handlesAlerts: true, hasTouchScreen: false, javascriptEnabled: true, locationContextEnabled: true, mobileEmulationEnabled: false, nativeEvents: true, networkConnectionEnabled: false, pageLoadStrategy: normal, platform: MAC, platformName: MAC, rotatable: false, setWindowRect: true, takesHeapSnapshot: true, takesScreenshot: true, unexpectedAlertBehaviour: , unhandledPromptBehavior: , version: 69.0.3497.100, webStorageEnabled: true}
Session ID: 6e61c8e14162804ead345309d7201fa7
*** Element info: {Using=css selector, value=#gh-p-3 > a}
	at Search.HelpAndContactTest.Account(HelpAndContactTest.java:85)
</failure>
    <system-err><![CDATA[Starting ChromeDriver 2.42.591059 (a3d9684d10d61aa0c45f6723b327283be1ebaad8) on port 22682
Only local connections are allowed.
Sep 22, 2018 12:26:20 PM org.openqa.selenium.remote.ProtocolHandshake createSession
INFO: Detected dialect: OSS
[1537633612.124][SEVERE]: Timed out receiving message from renderer: 25.000
[1537633612.129][SEVERE]: Timed out receiving message from renderer: -0.006
]]></system-err>
  </testcase>
  <testcase name="cleanUp" classname="Search.HelpAndContactTest" time="30.312">
    <failure message="Session ID is null. Using WebDriver after calling quit()?&#10;Build info: version: &apos;3.11.0&apos;, revision: &apos;e59cfb3&apos;, time: &apos;2018-03-11T20:26:55.152Z&apos;&#10;System info: host: &apos;Subhras-MacBook-Pro.local&apos;, ip: &apos;10.11.11.90&apos;, os.name: &apos;Mac OS X&apos;, os.arch: &apos;x86_64&apos;, os.version: &apos;10.13.6&apos;, java.version: &apos;10.0.2&apos;&#10;Driver info: driver.version: RemoteWebDriver" type="org.openqa.selenium.NoSuchSessionException">org.openqa.selenium.NoSuchSessionException: 
Session ID is null. Using WebDriver after calling quit()?
Build info: version: '3.11.0', revision: 'e59cfb3', time: '2018-03-11T20:26:55.152Z'
System info: host: 'Subhras-MacBook-Pro.local', ip: '10.11.11.90', os.name: 'Mac OS X', os.arch: 'x86_64', os.version: '10.13.6', java.version: '10.0.2'
Driver info: driver.version: RemoteWebDriver
</failure>
    <system-out><![CDATA[Screenshot captured
]]></system-out>
  </testcase>
  <testcase name="cleanUp" classname="Search.HelpAndContactTest" time="0">
    <skipped/>
  </testcase>
  <testcase name="cleanUp" classname="Search.HelpAndContactTest" time="0">
    <skipped/>
  </testcase>
  <testcase name="cleanUp" classname="Search.HelpAndContactTest" time="0">
    <skipped/>
  </testcase>
  <testcase name="cleanUp" classname="Search.HelpAndContactTest" time="0">
    <skipped/>
  </testcase>
  <testcase name="cleanUp" classname="Search.HelpAndContactTest" time="0">
    <skipped/>
  </testcase>
  <testcase name="cleanUp" classname="Search.HelpAndContactTest" time="0">
    <skipped/>
  </testcase>
  <testcase name="cleanUp" classname="Search.HelpAndContactTest" time="0">
    <skipped/>
  </testcase>
  <testcase name="cleanUp" classname="Search.HelpAndContactTest" time="0">
    <skipped/>
  </testcase>
  <testcase name="cleanUp" classname="Search.HelpAndContactTest" time="0">
    <skipped/>
  </testcase>
  <testcase name="cleanUp" classname="Search.HelpAndContactTest" time="0">
    <skipped/>
  </testcase>
  <testcase name="cleanUp" classname="Search.HelpAndContactTest" time="0">
    <skipped/>
  </testcase>
  <testcase name="cleanUp" classname="Search.HelpAndContactTest" time="0">
    <skipped/>
  </testcase>
  <testcase name="setUp" classname="Search.HelpAndContactTest" time="0">
    <skipped/>
  </testcase>
  <testcase name="setUp" classname="Search.HelpAndContactTest" time="0">
    <skipped/>
  </testcase>
  <testcase name="setUp" classname="Search.HelpAndContactTest" time="0">
    <skipped/>
  </testcase>
  <testcase name="setUp" classname="Search.HelpAndContactTest" time="0">
    <skipped/>
  </testcase>
  <testcase name="setUp" classname="Search.HelpAndContactTest" time="0">
    <skipped/>
  </testcase>
  <testcase name="setUp" classname="Search.HelpAndContactTest" time="0">
    <skipped/>
  </testcase>
  <testcase name="setUp" classname="Search.HelpAndContactTest" time="0">
    <skipped/>
  </testcase>
  <testcase name="setUp" classname="Search.HelpAndContactTest" time="0">
    <skipped/>
  </testcase>
  <testcase name="setUp" classname="Search.HelpAndContactTest" time="0">
    <skipped/>
  </testcase>
  <testcase name="setUp" classname="Search.HelpAndContactTest" time="0">
    <skipped/>
  </testcase>
  <testcase name="setUp" classname="Search.HelpAndContactTest" time="0">
    <skipped/>
  </testcase>
  <testcase name="setUp" classname="Search.HelpAndContactTest" time="0">
    <skipped/>
  </testcase>
  <testcase name="startExtent" classname="Search.HelpAndContactTest" time="0">
    <skipped/>
  </testcase>
  <testcase name="startExtent" classname="Search.HelpAndContactTest" time="0">
    <skipped/>
  </testcase>
  <testcase name="startExtent" classname="Search.HelpAndContactTest" time="0">
    <skipped/>
  </testcase>
  <testcase name="startExtent" classname="Search.HelpAndContactTest" time="0">
    <skipped/>
  </testcase>
  <testcase name="startExtent" classname="Search.HelpAndContactTest" time="0">
    <skipped/>
  </testcase>
  <testcase name="startExtent" classname="Search.HelpAndContactTest" time="0">
    <skipped/>
  </testcase>
  <testcase name="startExtent" classname="Search.HelpAndContactTest" time="0">
    <skipped/>
  </testcase>
  <testcase name="startExtent" classname="Search.HelpAndContactTest" time="0">
    <skipped/>
  </testcase>
  <testcase name="startExtent" classname="Search.HelpAndContactTest" time="0">
    <skipped/>
  </testcase>
  <testcase name="startExtent" classname="Search.HelpAndContactTest" time="0">
    <skipped/>
  </testcase>
  <testcase name="startExtent" classname="Search.HelpAndContactTest" time="0">
    <skipped/>
  </testcase>
  <testcase name="startExtent" classname="Search.HelpAndContactTest" time="0">
    <skipped/>
  </testcase>
  <testcase name="Buying" classname="Search.HelpAndContactTest" time="0">
    <skipped message="Session ID is null. Using WebDriver after calling quit()?&#10;Build info: version: &apos;3.11.0&apos;, revision: &apos;e59cfb3&apos;, time: &apos;2018-03-11T20:26:55.152Z&apos;&#10;System info: host: &apos;Subhras-MacBook-Pro.local&apos;, ip: &apos;10.11.11.90&apos;, os.name: &apos;Mac OS X&apos;, os.arch: &apos;x86_64&apos;, os.version: &apos;10.13.6&apos;, java.version: &apos;10.0.2&apos;&#10;Driver info: driver.version: RemoteWebDriver"/>
  </testcase>
  <testcase name="afterEachTestMethod" classname="Search.HelpAndContactTest" time="0">
    <skipped/>
  </testcase>
  <testcase name="afterEachTestMethod" classname="Search.HelpAndContactTest" time="0">
    <skipped/>
  </testcase>
  <testcase name="afterEachTestMethod" classname="Search.HelpAndContactTest" time="0">
    <skipped/>
  </testcase>
  <testcase name="afterEachTestMethod" classname="Search.HelpAndContactTest" time="0">
    <skipped/>
  </testcase>
  <testcase name="afterEachTestMethod" classname="Search.HelpAndContactTest" time="0">
    <skipped/>
  </testcase>
  <testcase name="afterEachTestMethod" classname="Search.HelpAndContactTest" time="0">
    <skipped/>
  </testcase>
  <testcase name="afterEachTestMethod" classname="Search.HelpAndContactTest" time="0">
    <skipped/>
  </testcase>
  <testcase name="afterEachTestMethod" classname="Search.HelpAndContactTest" time="0">
    <skipped/>
  </testcase>
  <testcase name="afterEachTestMethod" classname="Search.HelpAndContactTest" time="0">
    <skipped/>
  </testcase>
  <testcase name="afterEachTestMethod" classname="Search.HelpAndContactTest" time="0">
    <skipped/>
  </testcase>
  <testcase name="afterEachTestMethod" classname="Search.HelpAndContactTest" time="0">
    <skipped/>
  </testcase>
  <testcase name="afterEachTestMethod" classname="Search.HelpAndContactTest" time="0">
    <skipped/>
  </testcase>
  <testcase name="GetHelp1" classname="Search.HelpAndContactTest" time="0">
    <skipped message="Session ID is null. Using WebDriver after calling quit()?&#10;Build info: version: &apos;3.11.0&apos;, revision: &apos;e59cfb3&apos;, time: &apos;2018-03-11T20:26:55.152Z&apos;&#10;System info: host: &apos;Subhras-MacBook-Pro.local&apos;, ip: &apos;10.11.11.90&apos;, os.name: &apos;Mac OS X&apos;, os.arch: &apos;x86_64&apos;, os.version: &apos;10.13.6&apos;, java.version: &apos;10.0.2&apos;&#10;Driver info: driver.version: RemoteWebDriver"/>
  </testcase>
  <testcase name="GetHelp2" classname="Search.HelpAndContactTest" time="0">
    <skipped message="Session ID is null. Using WebDriver after calling quit()?&#10;Build info: version: &apos;3.11.0&apos;, revision: &apos;e59cfb3&apos;, time: &apos;2018-03-11T20:26:55.152Z&apos;&#10;System info: host: &apos;Subhras-MacBook-Pro.local&apos;, ip: &apos;10.11.11.90&apos;, os.name: &apos;Mac OS X&apos;, os.arch: &apos;x86_64&apos;, os.version: &apos;10.13.6&apos;, java.version: &apos;10.0.2&apos;&#10;Driver info: driver.version: RemoteWebDriver"/>
  </testcase>
  <testcase name="GetHelp3" classname="Search.HelpAndContactTest" time="0">
    <skipped message="Session ID is null. Using WebDriver after calling quit()?&#10;Build info: version: &apos;3.11.0&apos;, revision: &apos;e59cfb3&apos;, time: &apos;2018-03-11T20:26:55.152Z&apos;&#10;System info: host: &apos;Subhras-MacBook-Pro.local&apos;, ip: &apos;10.11.11.90&apos;, os.name: &apos;Mac OS X&apos;, os.arch: &apos;x86_64&apos;, os.version: &apos;10.13.6&apos;, java.version: &apos;10.0.2&apos;&#10;Driver info: driver.version: RemoteWebDriver"/>
  </testcase>
  <testcase name="GetHelp4" classname="Search.HelpAndContactTest" time="0">
    <skipped message="Session ID is null. Using WebDriver after calling quit()?&#10;Build info: version: &apos;3.11.0&apos;, revision: &apos;e59cfb3&apos;, time: &apos;2018-03-11T20:26:55.152Z&apos;&#10;System info: host: &apos;Subhras-MacBook-Pro.local&apos;, ip: &apos;10.11.11.90&apos;, os.name: &apos;Mac OS X&apos;, os.arch: &apos;x86_64&apos;, os.version: &apos;10.13.6&apos;, java.version: &apos;10.0.2&apos;&#10;Driver info: driver.version: RemoteWebDriver"/>
  </testcase>
  <testcase name="GetHelp5" classname="Search.HelpAndContactTest" time="0">
    <skipped message="Session ID is null. Using WebDriver after calling quit()?&#10;Build info: version: &apos;3.11.0&apos;, revision: &apos;e59cfb3&apos;, time: &apos;2018-03-11T20:26:55.152Z&apos;&#10;System info: host: &apos;Subhras-MacBook-Pro.local&apos;, ip: &apos;10.11.11.90&apos;, os.name: &apos;Mac OS X&apos;, os.arch: &apos;x86_64&apos;, os.version: &apos;10.13.6&apos;, java.version: &apos;10.0.2&apos;&#10;Driver info: driver.version: RemoteWebDriver"/>
  </testcase>
  <testcase name="GetHelp6" classname="Search.HelpAndContactTest" time="0">
    <skipped message="Session ID is null. Using WebDriver after calling quit()?&#10;Build info: version: &apos;3.11.0&apos;, revision: &apos;e59cfb3&apos;, time: &apos;2018-03-11T20:26:55.152Z&apos;&#10;System info: host: &apos;Subhras-MacBook-Pro.local&apos;, ip: &apos;10.11.11.90&apos;, os.name: &apos;Mac OS X&apos;, os.arch: &apos;x86_64&apos;, os.version: &apos;10.13.6&apos;, java.version: &apos;10.0.2&apos;&#10;Driver info: driver.version: RemoteWebDriver"/>
  </testcase>
  <testcase name="ReturnAndRefunds" classname="Search.HelpAndContactTest" time="0">
    <skipped message="Session ID is null. Using WebDriver after calling quit()?&#10;Build info: version: &apos;3.11.0&apos;, revision: &apos;e59cfb3&apos;, time: &apos;2018-03-11T20:26:55.152Z&apos;&#10;System info: host: &apos;Subhras-MacBook-Pro.local&apos;, ip: &apos;10.11.11.90&apos;, os.name: &apos;Mac OS X&apos;, os.arch: &apos;x86_64&apos;, os.version: &apos;10.13.6&apos;, java.version: &apos;10.0.2&apos;&#10;Driver info: driver.version: RemoteWebDriver"/>
  </testcase>
  <testcase name="SearForMultipleHelp" classname="Search.HelpAndContactTest" time="0">
    <skipped message="Session ID is null. Using WebDriver after calling quit()?&#10;Build info: version: &apos;3.11.0&apos;, revision: &apos;e59cfb3&apos;, time: &apos;2018-03-11T20:26:55.152Z&apos;&#10;System info: host: &apos;Subhras-MacBook-Pro.local&apos;, ip: &apos;10.11.11.90&apos;, os.name: &apos;Mac OS X&apos;, os.arch: &apos;x86_64&apos;, os.version: &apos;10.13.6&apos;, java.version: &apos;10.0.2&apos;&#10;Driver info: driver.version: RemoteWebDriver"/>
  </testcase>
  <testcase name="SearchForHelp" classname="Search.HelpAndContactTest" time="0">
    <skipped message="Session ID is null. Using WebDriver after calling quit()?&#10;Build info: version: &apos;3.11.0&apos;, revision: &apos;e59cfb3&apos;, time: &apos;2018-03-11T20:26:55.152Z&apos;&#10;System info: host: &apos;Subhras-MacBook-Pro.local&apos;, ip: &apos;10.11.11.90&apos;, os.name: &apos;Mac OS X&apos;, os.arch: &apos;x86_64&apos;, os.version: &apos;10.13.6&apos;, java.version: &apos;10.0.2&apos;&#10;Driver info: driver.version: RemoteWebDriver"/>
  </testcase>
  <testcase name="Selling" classname="Search.HelpAndContactTest" time="0">
    <skipped message="Session ID is null. Using WebDriver after calling quit()?&#10;Build info: version: &apos;3.11.0&apos;, revision: &apos;e59cfb3&apos;, time: &apos;2018-03-11T20:26:55.152Z&apos;&#10;System info: host: &apos;Subhras-MacBook-Pro.local&apos;, ip: &apos;10.11.11.90&apos;, os.name: &apos;Mac OS X&apos;, os.arch: &apos;x86_64&apos;, os.version: &apos;10.13.6&apos;, java.version: &apos;10.0.2&apos;&#10;Driver info: driver.version: RemoteWebDriver"/>
  </testcase>
  <testcase name="ShippingAndTracking" classname="Search.HelpAndContactTest" time="0">
    <skipped message="Session ID is null. Using WebDriver after calling quit()?&#10;Build info: version: &apos;3.11.0&apos;, revision: &apos;e59cfb3&apos;, time: &apos;2018-03-11T20:26:55.152Z&apos;&#10;System info: host: &apos;Subhras-MacBook-Pro.local&apos;, ip: &apos;10.11.11.90&apos;, os.name: &apos;Mac OS X&apos;, os.arch: &apos;x86_64&apos;, os.version: &apos;10.13.6&apos;, java.version: &apos;10.0.2&apos;&#10;Driver info: driver.version: RemoteWebDriver"/>
  </testcase>
  <testcase name="getCategories" classname="Search.HomePageTest" time="1.06"/>
  <testcase name="cleanUp" classname="Search.HomePageTest" time="1.696">
    <failure message="Session ID is null. Using WebDriver after calling quit()?&#10;Build info: version: &apos;3.11.0&apos;, revision: &apos;e59cfb3&apos;, time: &apos;2018-03-11T20:26:55.152Z&apos;&#10;System info: host: &apos;Subhras-MacBook-Pro.local&apos;, ip: &apos;10.11.11.90&apos;, os.name: &apos;Mac OS X&apos;, os.arch: &apos;x86_64&apos;, os.version: &apos;10.13.6&apos;, java.version: &apos;10.0.2&apos;&#10;Driver info: driver.version: RemoteWebDriver" type="org.openqa.selenium.NoSuchSessionException">org.openqa.selenium.NoSuchSessionException: 
Session ID is null. Using WebDriver after calling quit()?
Build info: version: '3.11.0', revision: 'e59cfb3', time: '2018-03-11T20:26:55.152Z'
System info: host: 'Subhras-MacBook-Pro.local', ip: '10.11.11.90', os.name: 'Mac OS X', os.arch: 'x86_64', os.version: '10.13.6', java.version: '10.0.2'
Driver info: driver.version: RemoteWebDriver
</failure>
  </testcase>
  <testcase name="cleanUp" classname="Search.HomePageTest" time="0">
    <skipped/>
  </testcase>
  <testcase name="cleanUp" classname="Search.HomePageTest" time="0">
    <skipped/>
  </testcase>
  <testcase name="cleanUp" classname="Search.HomePageTest" time="0">
    <skipped/>
  </testcase>
  <testcase name="cleanUp" classname="Search.HomePageTest" time="0">
    <skipped/>
  </testcase>
  <testcase name="cleanUp" classname="Search.HomePageTest" time="0">
    <skipped/>
  </testcase>
  <testcase name="cleanUp" classname="Search.HomePageTest" time="0">
    <skipped/>
  </testcase>
  <testcase name="cleanUp" classname="Search.HomePageTest" time="0">
    <skipped/>
  </testcase>
  <testcase name="cleanUp" classname="Search.HomePageTest" time="0">
    <skipped/>
  </testcase>
  <testcase name="cleanUp" classname="Search.HomePageTest" time="0">
    <skipped/>
  </testcase>
  <testcase name="cleanUp" classname="Search.HomePageTest" time="0">
    <skipped/>
  </testcase>
  <testcase name="cleanUp" classname="Search.HomePageTest" time="0">
    <skipped/>
  </testcase>
  <testcase name="cleanUp" classname="Search.HomePageTest" time="0">
    <skipped/>
  </testcase>
  <testcase name="cleanUp" classname="Search.HomePageTest" time="0">
    <skipped/>
  </testcase>
  <testcase name="cleanUp" classname="Search.HomePageTest" time="0">
    <skipped/>
  </testcase>
  <testcase name="cleanUp" classname="Search.HomePageTest" time="0">
    <skipped/>
  </testcase>
  <testcase name="cleanUp" classname="Search.HomePageTest" time="0">
    <skipped/>
  </testcase>
  <testcase name="cleanUp" classname="Search.HomePageTest" time="0">
    <skipped/>
  </testcase>
  <testcase name="cleanUp" classname="Search.HomePageTest" time="0">
    <skipped/>
  </testcase>
  <testcase name="cleanUp" classname="Search.HomePageTest" time="0">
    <skipped/>
  </testcase>
  <testcase name="cleanUp" classname="Search.HomePageTest" time="0">
    <skipped/>
  </testcase>
  <testcase name="setUp" classname="Search.HomePageTest" time="0">
    <skipped/>
  </testcase>
  <testcase name="setUp" classname="Search.HomePageTest" time="0">
    <skipped/>
  </testcase>
  <testcase name="setUp" classname="Search.HomePageTest" time="0">
    <skipped/>
  </testcase>
  <testcase name="setUp" classname="Search.HomePageTest" time="0">
    <skipped/>
  </testcase>
  <testcase name="setUp" classname="Search.HomePageTest" time="0">
    <skipped/>
  </testcase>
  <testcase name="setUp" classname="Search.HomePageTest" time="0">
    <skipped/>
  </testcase>
  <testcase name="setUp" classname="Search.HomePageTest" time="0">
    <skipped/>
  </testcase>
  <testcase name="setUp" classname="Search.HomePageTest" time="0">
    <skipped/>
  </testcase>
  <testcase name="setUp" classname="Search.HomePageTest" time="0">
    <skipped/>
  </testcase>
  <testcase name="setUp" classname="Search.HomePageTest" time="0">
    <skipped/>
  </testcase>
  <testcase name="setUp" classname="Search.HomePageTest" time="0">
    <skipped/>
  </testcase>
  <testcase name="setUp" classname="Search.HomePageTest" time="0">
    <skipped/>
  </testcase>
  <testcase name="setUp" classname="Search.HomePageTest" time="0">
    <skipped/>
  </testcase>
  <testcase name="setUp" classname="Search.HomePageTest" time="0">
    <skipped/>
  </testcase>
  <testcase name="setUp" classname="Search.HomePageTest" time="0">
    <skipped/>
  </testcase>
  <testcase name="setUp" classname="Search.HomePageTest" time="0">
    <skipped/>
  </testcase>
  <testcase name="setUp" classname="Search.HomePageTest" time="0">
    <skipped/>
  </testcase>
  <testcase name="setUp" classname="Search.HomePageTest" time="0">
    <skipped/>
  </testcase>
  <testcase name="setUp" classname="Search.HomePageTest" time="0">
    <skipped/>
  </testcase>
  <testcase name="setUp" classname="Search.HomePageTest" time="0">
    <skipped/>
  </testcase>
  <testcase name="startExtent" classname="Search.HomePageTest" time="0">
    <skipped/>
  </testcase>
  <testcase name="startExtent" classname="Search.HomePageTest" time="0">
    <skipped/>
  </testcase>
  <testcase name="startExtent" classname="Search.HomePageTest" time="0">
    <skipped/>
  </testcase>
  <testcase name="startExtent" classname="Search.HomePageTest" time="0">
    <skipped/>
  </testcase>
  <testcase name="startExtent" classname="Search.HomePageTest" time="0">
    <skipped/>
  </testcase>
  <testcase name="startExtent" classname="Search.HomePageTest" time="0">
    <skipped/>
  </testcase>
  <testcase name="startExtent" classname="Search.HomePageTest" time="0">
    <skipped/>
  </testcase>
  <testcase name="startExtent" classname="Search.HomePageTest" time="0">
    <skipped/>
  </testcase>
  <testcase name="startExtent" classname="Search.HomePageTest" time="0">
    <skipped/>
  </testcase>
  <testcase name="startExtent" classname="Search.HomePageTest" time="0">
    <skipped/>
  </testcase>
  <testcase name="startExtent" classname="Search.HomePageTest" time="0">
    <skipped/>
  </testcase>
  <testcase name="startExtent" classname="Search.HomePageTest" time="0">
    <skipped/>
  </testcase>
  <testcase name="startExtent" classname="Search.HomePageTest" time="0">
    <skipped/>
  </testcase>
  <testcase name="startExtent" classname="Search.HomePageTest" time="0">
    <skipped/>
  </testcase>
  <testcase name="startExtent" classname="Search.HomePageTest" time="0">
    <skipped/>
  </testcase>
  <testcase name="startExtent" classname="Search.HomePageTest" time="0">
    <skipped/>
  </testcase>
  <testcase name="startExtent" classname="Search.HomePageTest" time="0">
    <skipped/>
  </testcase>
  <testcase name="startExtent" classname="Search.HomePageTest" time="0">
    <skipped/>
  </testcase>
  <testcase name="startExtent" classname="Search.HomePageTest" time="0">
    <skipped/>
  </testcase>
  <testcase name="startExtent" classname="Search.HomePageTest" time="0">
    <skipped/>
  </testcase>
  <testcase name="goToAGiftCardsCouponsPage" classname="Search.HomePageTest" time="0">
    <skipped message="Session ID is null. Using WebDriver after calling quit()?&#10;Build info: version: &apos;3.11.0&apos;, revision: &apos;e59cfb3&apos;, time: &apos;2018-03-11T20:26:55.152Z&apos;&#10;System info: host: &apos;Subhras-MacBook-Pro.local&apos;, ip: &apos;10.11.11.90&apos;, os.name: &apos;Mac OS X&apos;, os.arch: &apos;x86_64&apos;, os.version: &apos;10.13.6&apos;, java.version: &apos;10.0.2&apos;&#10;Driver info: driver.version: RemoteWebDriver"/>
  </testcase>
  <testcase name="afterEachTestMethod" classname="Search.HomePageTest" time="0">
    <skipped/>
  </testcase>
  <testcase name="afterEachTestMethod" classname="Search.HomePageTest" time="0">
    <skipped/>
  </testcase>
  <testcase name="afterEachTestMethod" classname="Search.HomePageTest" time="0">
    <skipped/>
  </testcase>
  <testcase name="afterEachTestMethod" classname="Search.HomePageTest" time="0">
    <skipped/>
  </testcase>
  <testcase name="afterEachTestMethod" classname="Search.HomePageTest" time="0">
    <skipped/>
  </testcase>
  <testcase name="afterEachTestMethod" classname="Search.HomePageTest" time="0">
    <skipped/>
  </testcase>
  <testcase name="afterEachTestMethod" classname="Search.HomePageTest" time="0">
    <skipped/>
  </testcase>
  <testcase name="afterEachTestMethod" classname="Search.HomePageTest" time="0">
    <skipped/>
  </testcase>
  <testcase name="afterEachTestMethod" classname="Search.HomePageTest" time="0">
    <skipped/>
  </testcase>
  <testcase name="afterEachTestMethod" classname="Search.HomePageTest" time="0">
    <skipped/>
  </testcase>
  <testcase name="afterEachTestMethod" classname="Search.HomePageTest" time="0">
    <skipped/>
  </testcase>
  <testcase name="afterEachTestMethod" classname="Search.HomePageTest" time="0">
    <skipped/>
  </testcase>
  <testcase name="afterEachTestMethod" classname="Search.HomePageTest" time="0">
    <skipped/>
  </testcase>
  <testcase name="afterEachTestMethod" classname="Search.HomePageTest" time="0">
    <skipped/>
  </testcase>
  <testcase name="afterEachTestMethod" classname="Search.HomePageTest" time="0">
    <skipped/>
  </testcase>
  <testcase name="afterEachTestMethod" classname="Search.HomePageTest" time="0">
    <skipped/>
  </testcase>
  <testcase name="afterEachTestMethod" classname="Search.HomePageTest" time="0">
    <skipped/>
  </testcase>
  <testcase name="afterEachTestMethod" classname="Search.HomePageTest" time="0">
    <skipped/>
  </testcase>
  <testcase name="afterEachTestMethod" classname="Search.HomePageTest" time="0">
    <skipped/>
  </testcase>
  <testcase name="afterEachTestMethod" classname="Search.HomePageTest" time="0">
    <skipped/>
  </testcase>
  <testcase name="goToAntiquesPage" classname="Search.HomePageTest" time="0">
    <skipped message="Session ID is null. Using WebDriver after calling quit()?&#10;Build info: version: &apos;3.11.0&apos;, revision: &apos;e59cfb3&apos;, time: &apos;2018-03-11T20:26:55.152Z&apos;&#10;System info: host: &apos;Subhras-MacBook-Pro.local&apos;, ip: &apos;10.11.11.90&apos;, os.name: &apos;Mac OS X&apos;, os.arch: &apos;x86_64&apos;, os.version: &apos;10.13.6&apos;, java.version: &apos;10.0.2&apos;&#10;Driver info: driver.version: RemoteWebDriver"/>
  </testcase>
  <testcase name="goToArtCraftSuppliesPage" classname="Search.HomePageTest" time="0">
    <skipped message="Session ID is null. Using WebDriver after calling quit()?&#10;Build info: version: &apos;3.11.0&apos;, revision: &apos;e59cfb3&apos;, time: &apos;2018-03-11T20:26:55.152Z&apos;&#10;System info: host: &apos;Subhras-MacBook-Pro.local&apos;, ip: &apos;10.11.11.90&apos;, os.name: &apos;Mac OS X&apos;, os.arch: &apos;x86_64&apos;, os.version: &apos;10.13.6&apos;, java.version: &apos;10.0.2&apos;&#10;Driver info: driver.version: RemoteWebDriver"/>
  </testcase>
  <testcase name="goToCameraPhotoPage" classname="Search.HomePageTest" time="0">
    <skipped message="Session ID is null. Using WebDriver after calling quit()?&#10;Build info: version: &apos;3.11.0&apos;, revision: &apos;e59cfb3&apos;, time: &apos;2018-03-11T20:26:55.152Z&apos;&#10;System info: host: &apos;Subhras-MacBook-Pro.local&apos;, ip: &apos;10.11.11.90&apos;, os.name: &apos;Mac OS X&apos;, os.arch: &apos;x86_64&apos;, os.version: &apos;10.13.6&apos;, java.version: &apos;10.0.2&apos;&#10;Driver info: driver.version: RemoteWebDriver"/>
  </testcase>
  <testcase name="goToCellPhonePage" classname="Search.HomePageTest" time="0">
    <skipped message="Session ID is null. Using WebDriver after calling quit()?&#10;Build info: version: &apos;3.11.0&apos;, revision: &apos;e59cfb3&apos;, time: &apos;2018-03-11T20:26:55.152Z&apos;&#10;System info: host: &apos;Subhras-MacBook-Pro.local&apos;, ip: &apos;10.11.11.90&apos;, os.name: &apos;Mac OS X&apos;, os.arch: &apos;x86_64&apos;, os.version: &apos;10.13.6&apos;, java.version: &apos;10.0.2&apos;&#10;Driver info: driver.version: RemoteWebDriver"/>
  </testcase>
  <testcase name="goToClothingShoesAccessoriesPage" classname="Search.HomePageTest" time="0">
    <skipped message="Session ID is null. Using WebDriver after calling quit()?&#10;Build info: version: &apos;3.11.0&apos;, revision: &apos;e59cfb3&apos;, time: &apos;2018-03-11T20:26:55.152Z&apos;&#10;System info: host: &apos;Subhras-MacBook-Pro.local&apos;, ip: &apos;10.11.11.90&apos;, os.name: &apos;Mac OS X&apos;, os.arch: &apos;x86_64&apos;, os.version: &apos;10.13.6&apos;, java.version: &apos;10.0.2&apos;&#10;Driver info: driver.version: RemoteWebDriver"/>
  </testcase>
  <testcase name="goToCoinsPaperMoneyPage" classname="Search.HomePageTest" time="0">
    <skipped message="Session ID is null. Using WebDriver after calling quit()?&#10;Build info: version: &apos;3.11.0&apos;, revision: &apos;e59cfb3&apos;, time: &apos;2018-03-11T20:26:55.152Z&apos;&#10;System info: host: &apos;Subhras-MacBook-Pro.local&apos;, ip: &apos;10.11.11.90&apos;, os.name: &apos;Mac OS X&apos;, os.arch: &apos;x86_64&apos;, os.version: &apos;10.13.6&apos;, java.version: &apos;10.0.2&apos;&#10;Driver info: driver.version: RemoteWebDriver"/>
  </testcase>
  <testcase name="goToCollectiblesPage" classname="Search.HomePageTest" time="0">
    <skipped message="Session ID is null. Using WebDriver after calling quit()?&#10;Build info: version: &apos;3.11.0&apos;, revision: &apos;e59cfb3&apos;, time: &apos;2018-03-11T20:26:55.152Z&apos;&#10;System info: host: &apos;Subhras-MacBook-Pro.local&apos;, ip: &apos;10.11.11.90&apos;, os.name: &apos;Mac OS X&apos;, os.arch: &apos;x86_64&apos;, os.version: &apos;10.13.6&apos;, java.version: &apos;10.0.2&apos;&#10;Driver info: driver.version: RemoteWebDriver"/>
  </testcase>
  <testcase name="goToComputersTabletsMorePage" classname="Search.HomePageTest" time="0">
    <skipped message="Session ID is null. Using WebDriver after calling quit()?&#10;Build info: version: &apos;3.11.0&apos;, revision: &apos;e59cfb3&apos;, time: &apos;2018-03-11T20:26:55.152Z&apos;&#10;System info: host: &apos;Subhras-MacBook-Pro.local&apos;, ip: &apos;10.11.11.90&apos;, os.name: &apos;Mac OS X&apos;, os.arch: &apos;x86_64&apos;, os.version: &apos;10.13.6&apos;, java.version: &apos;10.0.2&apos;&#10;Driver info: driver.version: RemoteWebDriver"/>
  </testcase>
  <testcase name="goToElectronicsPage" classname="Search.HomePageTest" time="0">
    <skipped message="Session ID is null. Using WebDriver after calling quit()?&#10;Build info: version: &apos;3.11.0&apos;, revision: &apos;e59cfb3&apos;, time: &apos;2018-03-11T20:26:55.152Z&apos;&#10;System info: host: &apos;Subhras-MacBook-Pro.local&apos;, ip: &apos;10.11.11.90&apos;, os.name: &apos;Mac OS X&apos;, os.arch: &apos;x86_64&apos;, os.version: &apos;10.13.6&apos;, java.version: &apos;10.0.2&apos;&#10;Driver info: driver.version: RemoteWebDriver"/>
  </testcase>
  <testcase name="goToHealthBeautyPage" classname="Search.HomePageTest" time="0">
    <skipped message="Session ID is null. Using WebDriver after calling quit()?&#10;Build info: version: &apos;3.11.0&apos;, revision: &apos;e59cfb3&apos;, time: &apos;2018-03-11T20:26:55.152Z&apos;&#10;System info: host: &apos;Subhras-MacBook-Pro.local&apos;, ip: &apos;10.11.11.90&apos;, os.name: &apos;Mac OS X&apos;, os.arch: &apos;x86_64&apos;, os.version: &apos;10.13.6&apos;, java.version: &apos;10.0.2&apos;&#10;Driver info: driver.version: RemoteWebDriver"/>
  </testcase>
  <testcase name="goToHomeGardenPage" classname="Search.HomePageTest" time="0">
    <skipped message="Session ID is null. Using WebDriver after calling quit()?&#10;Build info: version: &apos;3.11.0&apos;, revision: &apos;e59cfb3&apos;, time: &apos;2018-03-11T20:26:55.152Z&apos;&#10;System info: host: &apos;Subhras-MacBook-Pro.local&apos;, ip: &apos;10.11.11.90&apos;, os.name: &apos;Mac OS X&apos;, os.arch: &apos;x86_64&apos;, os.version: &apos;10.13.6&apos;, java.version: &apos;10.0.2&apos;&#10;Driver info: driver.version: RemoteWebDriver"/>
  </testcase>
  <testcase name="goToJewelryWatchesPage" classname="Search.HomePageTest" time="0">
    <skipped message="Session ID is null. Using WebDriver after calling quit()?&#10;Build info: version: &apos;3.11.0&apos;, revision: &apos;e59cfb3&apos;, time: &apos;2018-03-11T20:26:55.152Z&apos;&#10;System info: host: &apos;Subhras-MacBook-Pro.local&apos;, ip: &apos;10.11.11.90&apos;, os.name: &apos;Mac OS X&apos;, os.arch: &apos;x86_64&apos;, os.version: &apos;10.13.6&apos;, java.version: &apos;10.0.2&apos;&#10;Driver info: driver.version: RemoteWebDriver"/>
  </testcase>
  <testcase name="goToRealEstatePage" classname="Search.HomePageTest" time="0">
    <skipped message="Session ID is null. Using WebDriver after calling quit()?&#10;Build info: version: &apos;3.11.0&apos;, revision: &apos;e59cfb3&apos;, time: &apos;2018-03-11T20:26:55.152Z&apos;&#10;System info: host: &apos;Subhras-MacBook-Pro.local&apos;, ip: &apos;10.11.11.90&apos;, os.name: &apos;Mac OS X&apos;, os.arch: &apos;x86_64&apos;, os.version: &apos;10.13.6&apos;, java.version: &apos;10.0.2&apos;&#10;Driver info: driver.version: RemoteWebDriver"/>
  </testcase>
  <testcase name="goToRecordedMusicPage" classname="Search.HomePageTest" time="0">
    <skipped message="Session ID is null. Using WebDriver after calling quit()?&#10;Build info: version: &apos;3.11.0&apos;, revision: &apos;e59cfb3&apos;, time: &apos;2018-03-11T20:26:55.152Z&apos;&#10;System info: host: &apos;Subhras-MacBook-Pro.local&apos;, ip: &apos;10.11.11.90&apos;, os.name: &apos;Mac OS X&apos;, os.arch: &apos;x86_64&apos;, os.version: &apos;10.13.6&apos;, java.version: &apos;10.0.2&apos;&#10;Driver info: driver.version: RemoteWebDriver"/>
  </testcase>
  <testcase name="goToSportingGoodsPage" classname="Search.HomePageTest" time="0">
    <skipped message="Session ID is null. Using WebDriver after calling quit()?&#10;Build info: version: &apos;3.11.0&apos;, revision: &apos;e59cfb3&apos;, time: &apos;2018-03-11T20:26:55.152Z&apos;&#10;System info: host: &apos;Subhras-MacBook-Pro.local&apos;, ip: &apos;10.11.11.90&apos;, os.name: &apos;Mac OS X&apos;, os.arch: &apos;x86_64&apos;, os.version: &apos;10.13.6&apos;, java.version: &apos;10.0.2&apos;&#10;Driver info: driver.version: RemoteWebDriver"/>
  </testcase>
  <testcase name="goToTravelPage" classname="Search.HomePageTest" time="0">
    <skipped message="Session ID is null. Using WebDriver after calling quit()?&#10;Build info: version: &apos;3.11.0&apos;, revision: &apos;e59cfb3&apos;, time: &apos;2018-03-11T20:26:55.152Z&apos;&#10;System info: host: &apos;Subhras-MacBook-Pro.local&apos;, ip: &apos;10.11.11.90&apos;, os.name: &apos;Mac OS X&apos;, os.arch: &apos;x86_64&apos;, os.version: &apos;10.13.6&apos;, java.version: &apos;10.0.2&apos;&#10;Driver info: driver.version: RemoteWebDriver"/>
  </testcase>
  <testcase name="searchItems" classname="Search.HomePageTest" time="0">
    <skipped message="Session ID is null. Using WebDriver after calling quit()?&#10;Build info: version: &apos;3.11.0&apos;, revision: &apos;e59cfb3&apos;, time: &apos;2018-03-11T20:26:55.152Z&apos;&#10;System info: host: &apos;Subhras-MacBook-Pro.local&apos;, ip: &apos;10.11.11.90&apos;, os.name: &apos;Mac OS X&apos;, os.arch: &apos;x86_64&apos;, os.version: &apos;10.13.6&apos;, java.version: &apos;10.0.2&apos;&#10;Driver info: driver.version: RemoteWebDriver"/>
  </testcase>
  <testcase name="testNewTab" classname="Search.HomePageTest" time="0">
    <skipped message="Session ID is null. Using WebDriver after calling quit()?&#10;Build info: version: &apos;3.11.0&apos;, revision: &apos;e59cfb3&apos;, time: &apos;2018-03-11T20:26:55.152Z&apos;&#10;System info: host: &apos;Subhras-MacBook-Pro.local&apos;, ip: &apos;10.11.11.90&apos;, os.name: &apos;Mac OS X&apos;, os.arch: &apos;x86_64&apos;, os.version: &apos;10.13.6&apos;, java.version: &apos;10.0.2&apos;&#10;Driver info: driver.version: RemoteWebDriver"/>
  </testcase>
  <testcase name="verifyEbay" classname="Search.HomePageTest" time="0">
    <skipped message="Session ID is null. Using WebDriver after calling quit()?&#10;Build info: version: &apos;3.11.0&apos;, revision: &apos;e59cfb3&apos;, time: &apos;2018-03-11T20:26:55.152Z&apos;&#10;System info: host: &apos;Subhras-MacBook-Pro.local&apos;, ip: &apos;10.11.11.90&apos;, os.name: &apos;Mac OS X&apos;, os.arch: &apos;x86_64&apos;, os.version: &apos;10.13.6&apos;, java.version: &apos;10.0.2&apos;&#10;Driver info: driver.version: RemoteWebDriver"/>
  </testcase>
  <testcase name="search" classname="Search.InputHome" time="24.636"/>
  <testcase name="cleanUp" classname="Search.InputHome" time="25.062">
    <failure message="Session ID is null. Using WebDriver after calling quit()?&#10;Build info: version: &apos;3.11.0&apos;, revision: &apos;e59cfb3&apos;, time: &apos;2018-03-11T20:26:55.152Z&apos;&#10;System info: host: &apos;Subhras-MacBook-Pro.local&apos;, ip: &apos;10.11.11.90&apos;, os.name: &apos;Mac OS X&apos;, os.arch: &apos;x86_64&apos;, os.version: &apos;10.13.6&apos;, java.version: &apos;10.0.2&apos;&#10;Driver info: driver.version: RemoteWebDriver" type="org.openqa.selenium.NoSuchSessionException">org.openqa.selenium.NoSuchSessionException: 
Session ID is null. Using WebDriver after calling quit()?
Build info: version: '3.11.0', revision: 'e59cfb3', time: '2018-03-11T20:26:55.152Z'
System info: host: 'Subhras-MacBook-Pro.local', ip: '10.11.11.90', os.name: 'Mac OS X', os.arch: 'x86_64', os.version: '10.13.6', java.version: '10.0.2'
Driver info: driver.version: RemoteWebDriver
</failure>
  </testcase>
  <testcase name="signUpForeBay" classname="Search.SignUpPageTest" time="11.875"/>
  <testcase name="cleanUp" classname="Search.SignUpPageTest" time="12.221">
    <failure message="Session ID is null. Using WebDriver after calling quit()?&#10;Build info: version: &apos;3.11.0&apos;, revision: &apos;e59cfb3&apos;, time: &apos;2018-03-11T20:26:55.152Z&apos;&#10;System info: host: &apos;Subhras-MacBook-Pro.local&apos;, ip: &apos;10.11.11.90&apos;, os.name: &apos;Mac OS X&apos;, os.arch: &apos;x86_64&apos;, os.version: &apos;10.13.6&apos;, java.version: &apos;10.0.2&apos;&#10;Driver info: driver.version: RemoteWebDriver" type="org.openqa.selenium.NoSuchSessionException">org.openqa.selenium.NoSuchSessionException: 
Session ID is null. Using WebDriver after calling quit()?
Build info: version: '3.11.0', revision: 'e59cfb3', time: '2018-03-11T20:26:55.152Z'
System info: host: 'Subhras-MacBook-Pro.local', ip: '10.11.11.90', os.name: 'Mac OS X', os.arch: 'x86_64', os.version: '10.13.6', java.version: '10.0.2'
Driver info: driver.version: RemoteWebDriver
</failure>
  </testcase>
  <testcase name="searchData" classname="Search.TestSearch" time="60.338"/>
  <testcase name="cleanUp" classname="Search.TestSearch" time="61.295">
    <failure message="Session ID is null. Using WebDriver after calling quit()?&#10;Build info: version: &apos;3.11.0&apos;, revision: &apos;e59cfb3&apos;, time: &apos;2018-03-11T20:26:55.152Z&apos;&#10;System info: host: &apos;Subhras-MacBook-Pro.local&apos;, ip: &apos;10.11.11.90&apos;, os.name: &apos;Mac OS X&apos;, os.arch: &apos;x86_64&apos;, os.version: &apos;10.13.6&apos;, java.version: &apos;10.0.2&apos;&#10;Driver info: driver.version: RemoteWebDriver" type="org.openqa.selenium.NoSuchSessionException">org.openqa.selenium.NoSuchSessionException: 
Session ID is null. Using WebDriver after calling quit()?
Build info: version: '3.11.0', revision: 'e59cfb3', time: '2018-03-11T20:26:55.152Z'
System info: host: 'Subhras-MacBook-Pro.local', ip: '10.11.11.90', os.name: 'Mac OS X', os.arch: 'x86_64', os.version: '10.13.6', java.version: '10.0.2'
Driver info: driver.version: RemoteWebDriver
</failure>
  </testcase>
</testsuite>