<?xml version="1.0" encoding="UTF-8"?>
<!-- Generated by org.testng.reporters.JUnitReportReporter -->
<testsuite hostname="Subhras-MacBook-Pro.local" failures="0" tests="22" name="Search.HomePageTest" time="15.005" errors="1" timestamp="22 Sep 2018 16:29:06 GMT" skipped="20">
  <testcase classname="Search.HomePageTest" name="goToComputersTabletsMorePage" time="13.945">
    <skipped/>
  </testcase> <!-- goToComputersTabletsMorePage -->
  <testcase classname="Search.HomePageTest" name="goToRecordedMusicPage" time="0.000">
    <skipped/>
  </testcase> <!-- goToRecordedMusicPage -->
  <testcase classname="Search.HomePageTest" name="verifyEbay" time="0.000">
    <skipped/>
  </testcase> <!-- verifyEbay -->
  <testcase classname="Search.HomePageTest" name="goToCellPhonePage" time="0.000">
    <skipped/>
  </testcase> <!-- goToCellPhonePage -->
  <testcase classname="Search.HomePageTest" name="goToSportingGoodsPage" time="0.000">
    <skipped/>
  </testcase> <!-- goToSportingGoodsPage -->
  <testcase classname="Search.HomePageTest" name="goToAntiquesPage" time="0.000">
    <skipped/>
  </testcase> <!-- goToAntiquesPage -->
  <testcase classname="Search.HomePageTest" name="getCategories" time="1.059"/>
  <testcase classname="Search.HomePageTest" name="goToTravelPage" time="0.000">
    <skipped/>
  </testcase> <!-- goToTravelPage -->
  <testcase classname="Search.HomePageTest" name="goToCoinsPaperMoneyPage" time="0.000">
    <skipped/>
  </testcase> <!-- goToCoinsPaperMoneyPage -->
  <testcase classname="Search.HomePageTest" name="goToElectronicsPage" time="0.000">
    <skipped/>
  </testcase> <!-- goToElectronicsPage -->
  <testcase classname="Search.HomePageTest" name="goToHomeGardenPage" time="0.000">
    <skipped/>
  </testcase> <!-- goToHomeGardenPage -->
  <testcase classname="Search.HomePageTest" name="testNewTab" time="0.000">
    <skipped/>
  </testcase> <!-- testNewTab -->
  <testcase classname="Search.HomePageTest" name="cleanUp" time="0.001">
    <error message="Session ID is null. Using WebDriver after calling quit()?
Build info: version: &#039;3.11.0&#039;, revision: &#039;e59cfb3&#039;, time: &#039;2018-03-11T20:26:55.152Z&#039;
System info: host: &#039;Subhras-MacBook-Pro.local&#039;, ip: &#039;10.11.11.90&#039;, os.name: &#039;Mac OS X&#039;, os.arch: &#039;x86_64&#039;, os.version: &#039;10.13.6&#039;, java.version: &#039;10.0.2&#039;
Driver info: driver.version: RemoteWebDriver" type="org.openqa.selenium.NoSuchSessionException">
      <![CDATA[org.openqa.selenium.NoSuchSessionException: Session ID is null. Using WebDriver after calling quit()?
Build info: version: '3.11.0', revision: 'e59cfb3', time: '2018-03-11T20:26:55.152Z'
System info: host: 'Subhras-MacBook-Pro.local', ip: '10.11.11.90', os.name: 'Mac OS X', os.arch: 'x86_64', os.version: '10.13.6', java.version: '10.0.2'
Driver info: driver.version: RemoteWebDriver
at org.openqa.selenium.remote.HttpCommandExecutor.execute(HttpCommandExecutor.java:125)
at org.openqa.selenium.remote.service.DriverCommandExecutor.execute(DriverCommandExecutor.java:83)
at org.openqa.selenium.remote.RemoteWebDriver.execute(RemoteWebDriver.java:545)
at org.openqa.selenium.remote.RemoteWebDriver.execute(RemoteWebDriver.java:602)
at org.openqa.selenium.remote.RemoteWebDriver.close(RemoteWebDriver.java:435)
at base.CommonAPI.cleanUp(CommonAPI.java:210)
at java.base/jdk.internal.reflect.NativeMethodAccessorImpl.invoke0(Native Method)
at java.base/jdk.internal.reflect.NativeMethodAccessorImpl.invoke(NativeMethodAccessorImpl.java:62)
at java.base/jdk.internal.reflect.DelegatingMethodAccessorImpl.invoke(DelegatingMethodAccessorImpl.java:43)
at java.base/java.lang.reflect.Method.invoke(Method.java:564)
at org.testng.internal.MethodInvocationHelper.invokeMethod(MethodInvocationHelper.java:124)
at org.testng.internal.MethodInvocationHelper.invokeMethodConsideringTimeout(MethodInvocationHelper.java:59)
at org.testng.internal.Invoker.invokeConfigurationMethod(Invoker.java:458)
at org.testng.internal.Invoker.invokeConfigurations(Invoker.java:222)
at org.testng.internal.Invoker.invokeMethod(Invoker.java:646)
at org.testng.internal.Invoker.invokeTestMethod(Invoker.java:719)
at org.testng.internal.Invoker.invokeTestMethods(Invoker.java:989)
at org.testng.internal.TestMethodWorker.invokeTestMethods(TestMethodWorker.java:125)
at org.testng.internal.TestMethodWorker.run(TestMethodWorker.java:109)
at org.testng.TestRunner.privateRun(TestRunner.java:648)
at org.testng.TestRunner.run(TestRunner.java:505)
at org.testng.SuiteRunner.runTest(SuiteRunner.java:455)
at org.testng.SuiteRunner.runSequentially(SuiteRunner.java:450)
at org.testng.SuiteRunner.privateRun(SuiteRunner.java:415)
at org.testng.SuiteRunner.run(SuiteRunner.java:364)
at org.testng.SuiteRunnerWorker.runSuite(SuiteRunnerWorker.java:52)
at org.testng.SuiteRunnerWorker.run(SuiteRunnerWorker.java:84)
at org.testng.TestNG.runSuitesSequentially(TestNG.java:1208)
at org.testng.TestNG.runSuitesLocally(TestNG.java:1137)
at org.testng.TestNG.runSuites(TestNG.java:1049)
at org.testng.TestNG.run(TestNG.java:1017)
at org.apache.maven.surefire.testng.TestNGExecutor.run(TestNGExecutor.java:283)
at org.apache.maven.surefire.testng.TestNGXmlTestSuite.execute(TestNGXmlTestSuite.java:75)
at org.apache.maven.surefire.testng.TestNGProvider.invoke(TestNGProvider.java:120)
at org.apache.maven.surefire.booter.ForkedBooter.invokeProviderInSameClassLoader(ForkedBooter.java:383)
at org.apache.maven.surefire.booter.ForkedBooter.runSuitesInProcess(ForkedBooter.java:344)
at org.apache.maven.surefire.booter.ForkedBooter.execute(ForkedBooter.java:125)
at org.apache.maven.surefire.booter.ForkedBooter.main(ForkedBooter.java:417)
]]>
    </error>
  </testcase> <!-- cleanUp -->
  <testcase classname="Search.HomePageTest" name="goToRealEstatePage" time="0.000">
    <skipped/>
  </testcase> <!-- goToRealEstatePage -->
  <testcase classname="Search.HomePageTest" name="goToArtCraftSuppliesPage" time="0.000">
    <skipped/>
  </testcase> <!-- goToArtCraftSuppliesPage -->
  <testcase classname="Search.HomePageTest" name="goToClothingShoesAccessoriesPage" time="0.000">
    <skipped/>
  </testcase> <!-- goToClothingShoesAccessoriesPage -->
  <testcase classname="Search.HomePageTest" name="goToJewelryWatchesPage" time="0.000">
    <skipped/>
  </testcase> <!-- goToJewelryWatchesPage -->
  <testcase classname="Search.HomePageTest" name="goToHealthBeautyPage" time="0.000">
    <skipped/>
  </testcase> <!-- goToHealthBeautyPage -->
  <testcase classname="Search.HomePageTest" name="goToCollectiblesPage" time="0.000">
    <skipped/>
  </testcase> <!-- goToCollectiblesPage -->
  <testcase classname="Search.HomePageTest" name="goToAGiftCardsCouponsPage" time="0.000">
    <skipped/>
  </testcase> <!-- goToAGiftCardsCouponsPage -->
  <testcase classname="Search.HomePageTest" name="searchItems" time="0.000">
    <skipped/>
  </testcase> <!-- searchItems -->
  <testcase classname="Search.HomePageTest" name="goToCameraPhotoPage" time="0.000">
    <skipped/>
  </testcase> <!-- goToCameraPhotoPage -->
</testsuite> <!-- Search.HomePageTest -->
