<?xml version="1.0" encoding="UTF-8"?>
<!-- Generated by org.testng.reporters.JUnitXMLReporter -->
<testsuite ignored="0" hostname="subhras-MBP.attlocal.net" failures="1" tests="3" name="Input home" time="46.372" errors="0" timestamp="19 Nov 2020 02:06:24 GMT">
  <testcase classname="Search.homePageTest" name="getCategories" time="0.409"/>
  <testcase classname="Search.homePageTest" name="searchItems" time="18.953"/>
  <testcase classname="Search.homePageTest" name="verifyEbay" time="0.144">
    <failure type="java.lang.AssertionError" message="expected [true] but found [false]">
      <![CDATA[java.lang.AssertionError: expected [true] but found [false]
at Search.homePageTest.verifyEbay(homePageTest.java:20)
at java.base/java.util.concurrent.FutureTask.run(FutureTask.java:264)
at java.base/java.util.concurrent.ThreadPoolExecutor.runWorker(ThreadPoolExecutor.java:1130)
at java.base/java.util.concurrent.ThreadPoolExecutor$Worker.run(ThreadPoolExecutor.java:630)
at java.base/java.lang.Thread.run(Thread.java:832)
... Removed 22 stack frames]]>
    </failure>
  </testcase> <!-- verifyEbay -->
</testsuite> <!-- Input home -->
